Vivado Simulator 2019.2
Copyright 1986-1999, 2001-2019 Xilinx, Inc. All Rights Reserved.
Running: C:/Xilinx/Vivado/2019.2/bin/unwrapped/win64.o/xelab.exe -wto 9021f801dab4471aba21069d425c89ec --incr --debug typical --relax --mt 2 -L dist_mem_gen_v8_0_13 -L xil_defaultlib -L unisims_ver -L unimacro_ver -L secureip -L xpm --snapshot testbench_behav xil_defaultlib.testbench xil_defaultlib.glbl -log elaborate.log 
Using 2 slave threads.
Starting static elaboration
Pass Through NonSizing Optimizer
WARNING: [VRFC 10-3091] actual bit length 32 differs from formal bit length 33 for port 'con_imm32' [C:/Users/15827/Desktop/pipline_cpu/pipline_cpu/pipline_cpu.srcs/sources_1/new/mycpu/mycpu.v:130]
Completed static elaboration
Starting simulation data flow analysis
Completed simulation data flow analysis
Time Resolution for simulation is 1ps
Compiling module xil_defaultlib.fetch
Compiling module xil_defaultlib.alu
Compiling module xil_defaultlib.fetch_decode
Compiling module xil_defaultlib.decode
Compiling module xil_defaultlib.decode_control
Compiling module xil_defaultlib.control
Compiling module xil_defaultlib.regfile
Compiling module xil_defaultlib.mycpu
Compiling module dist_mem_gen_v8_0_13.dist_mem_gen_v8_0_13(C_FAMILY="a...
Compiling module xil_defaultlib.inst_rom
Compiling module dist_mem_gen_v8_0_13.dist_mem_gen_v8_0_13(C_FAMILY="a...
Compiling module xil_defaultlib.data_ram
Compiling module xil_defaultlib.light_show
Compiling module xil_defaultlib.pip_cpu
Compiling module xil_defaultlib.testbench
Compiling module xil_defaultlib.glbl
Built simulation snapshot testbench_behav
