#
# A fatal error has been detected by the Java Runtime Environment:
#
#  EXCEPTION_ACCESS_VIOLATION (0xc0000005) at pc=0x00007fffb87946ad, pid=6640, tid=8660
#
# JRE version: Java(TM) SE Runtime Environment (9.0+11) (build 9.0.4+11)
# Java VM: Java HotSpot(TM) 64-Bit Server VM (9.0.4+11, mixed mode, tiered, compressed oops, g1 gc, windows-amd64)
# Problematic frame:
# C  [librdi_filemgmt.dll+0x1446ad]
#
# No core dump will be written. Minidumps are not enabled by default on client versions of Windows
#
# If you would like to submit a bug report, please visit:
#   http://bugreport.java.com/bugreport/crash.jsp
# The crash happened outside the Java Virtual Machine in native code.
# See problematic frame for where to report the bug.
#

---------------  S U M M A R Y ------------

Command Line: -Dsun.java2d.pmoffscreen=false -Dsun.java2d.xrender=false -Dsun.java2d.d3d=false -Dsun.awt.nopixfmt=true -Dsun.java2d.dpiaware=true -Dsun.java2d.uiScale.enabled=false -Xverify:none -Dswing.aatext=true -XX:-UsePerfData -Djdk.map.althashing.threshold=512 -XX:StringTableSize=4072 --add-opens=java.base/java.nio=ALL-UNNAMED --add-opens=java.desktop/sun.swing=ALL-UNNAMED --add-opens=java.desktop/javax.swing=ALL-UNNAMED --add-opens=java.desktop/javax.swing.tree=ALL-UNNAMED --add-opens=java.desktop/javax.swing.plaf.basic=ALL-UNNAMED --add-opens=java.desktop/javax.swing.plaf.synth=ALL-UNNAMED --add-opens=java.desktop/com.sun.awt=ALL-UNNAMED -XX:NewSize=60m -XX:MaxNewSize=60m -Xms128m -Xmx3072m -Xss5m 

Host: Intel(R) Core(TM) i7-10875H CPU @ 2.30GHz, 16 cores, 31G,  Windows 10 , 64 bit Build 19041 (10.0.19041.1023)
Time: Fri Aug 27 10:00:54 2021 ?D1¨²¡À¨º¡Á?¨º¡À?? elapsed time: 39 seconds (0d 0h 0m 39s)

---------------  T H R E A D  ---------------

Current thread (0x00000276d8e16800):  JavaThread "AWT-EventQueue-1" [_thread_in_native, id=8660, stack(0x00000089ef000000,0x00000089ef500000)]

Stack: [0x00000089ef000000,0x00000089ef500000],  sp=0x00000089ef4f78e0,  free space=5086k
Native frames: (J=compiled Java code, j=interpreted, Vv=VM code, C=native code)
C  [librdi_filemgmt.dll+0x1446ad]
C  0x00000276cb24bbba

Java frames: (J=compiled Java code, j=interpreted, Vv=VM code)
J 13542  ui.data.design.dai.SrcFile_isAvailable(J)Z (0 bytes) @ 0x00000276cb24bb21 [0x00000276cb24bae0+0x0000000000000041]
J 13694 c1 ui.data.design.Y.sF()Lui/d/d; (119 bytes) @ 0x00000276c5214e1c [0x00000276c5214d60+0x00000000000000bc]
J 14647 c1 ui.views.cP.by(Lui/data/bk;)Lui/d/d; (3038 bytes) @ 0x00000276c54d65f4 [0x00000276c54cdfe0+0x0000000000008614]
j  ui.views.cP.a(Lui/data/bk;Z)Ljavax/swing/Icon;+2
j  ui.views.cd.J(Lui/data/bk;)Ljavax/swing/Icon;+6
j  ui.views.da.getIcon()Ljavax/swing/Icon;+21
j  ui.utils.p.w.h.getIcon()Ljavax/swing/Icon;+4
J 12678 c1 javax.swing.plaf.synth.SynthLabelUI.paint(Ljavax/swing/plaf/synth/SynthContext;Ljava/awt/Graphics;)V java.desktop@9.0.4 (100 bytes) @ 0x00000276c4ec9cbc [0x00000276c4ec9900+0x00000000000003bc]
J 14084 c1 javax.swing.plaf.synth.SynthLabelUI.update(Ljava/awt/Graphics;Ljavax/swing/JComponent;)V java.desktop@9.0.4 (37 bytes) @ 0x00000276c53b7114 [0x00000276c53b5e80+0x0000000000001294]
J 13376 c2 javax.swing.JComponent.paintComponent(Ljava/awt/Graphics;)V java.desktop@9.0.4 (44 bytes) @ 0x00000276cb227238 [0x00000276cb2271c0+0x0000000000000078]
J 13850 c2 javax.swing.JComponent.paint(Ljava/awt/Graphics;)V java.desktop@9.0.4 (409 bytes) @ 0x00000276cb286440 [0x00000276cb285ae0+0x0000000000000960]
J 14559 c2 javax.swing.JComponent.paintChildren(Ljava/awt/Graphics;)V java.desktop@9.0.4 (691 bytes) @ 0x00000276cb3a7074 [0x00000276cb3a6c00+0x0000000000000474]
J 13850 c2 javax.swing.JComponent.paint(Ljava/awt/Graphics;)V java.desktop@9.0.4 (409 bytes) @ 0x00000276cb286478 [0x00000276cb285ae0+0x0000000000000998]
J 14559 c2 javax.swing.JComponent.paintChildren(Ljava/awt/Graphics;)V java.desktop@9.0.4 (691 bytes) @ 0x00000276cb3a7074 [0x00000276cb3a6c00+0x0000000000000474]
J 13850 c2 javax.swing.JComponent.paint(Ljava/awt/Graphics;)V java.desktop@9.0.4 (409 bytes) @ 0x00000276cb286478 [0x00000276cb285ae0+0x0000000000000998]
J 14559 c2 javax.swing.JComponent.paintChildren(Ljava/awt/Graphics;)V java.desktop@9.0.4 (691 bytes) @ 0x00000276cb3a7074 [0x00000276cb3a6c00+0x0000000000000474]
J 13850 c2 javax.swing.JComponent.paint(Ljava/awt/Graphics;)V java.desktop@9.0.4 (409 bytes) @ 0x00000276cb286478 [0x00000276cb285ae0+0x0000000000000998]
J 14559 c2 javax.swing.JComponent.paintChildren(Ljava/awt/Graphics;)V java.desktop@9.0.4 (691 bytes) @ 0x00000276cb3a7074 [0x00000276cb3a6c00+0x0000000000000474]
J 13850 c2 javax.swing.JComponent.paint(Ljava/awt/Graphics;)V java.desktop@9.0.4 (409 bytes) @ 0x00000276cb286478 [0x00000276cb285ae0+0x0000000000000998]
J 14559 c2 javax.swing.JComponent.paintChildren(Ljava/awt/Graphics;)V java.desktop@9.0.4 (691 bytes) @ 0x00000276cb3a7074 [0x00000276cb3a6c00+0x0000000000000474]
J 13850 c2 javax.swing.JComponent.paint(Ljava/awt/Graphics;)V java.desktop@9.0.4 (409 bytes) @ 0x00000276cb286478 [0x00000276cb285ae0+0x0000000000000998]
J 14559 c2 javax.swing.JComponent.paintChildren(Ljava/awt/Graphics;)V java.desktop@9.0.4 (691 bytes) @ 0x00000276cb3a7074 [0x00000276cb3a6c00+0x0000000000000474]
J 13850 c2 javax.swing.JComponent.paint(Ljava/awt/Graphics;)V java.desktop@9.0.4 (409 bytes) @ 0x00000276cb286478 [0x00000276cb285ae0+0x0000000000000998]
j  javax.swing.JLayeredPane.paint(Ljava/awt/Graphics;)V+73 java.desktop@9.0.4
J 14559 c2 javax.swing.JComponent.paintChildren(Ljava/awt/Graphics;)V java.desktop@9.0.4 (691 bytes) @ 0x00000276cb3a7074 [0x00000276cb3a6c00+0x0000000000000474]
J 13850 c2 javax.swing.JComponent.paint(Ljava/awt/Graphics;)V java.desktop@9.0.4 (409 bytes) @ 0x00000276cb286478 [0x00000276cb285ae0+0x0000000000000998]
J 14559 c2 javax.swing.JComponent.paintChildren(Ljava/awt/Graphics;)V java.desktop@9.0.4 (691 bytes) @ 0x00000276cb3a7074 [0x00000276cb3a6c00+0x0000000000000474]
J 13850 c2 javax.swing.JComponent.paint(Ljava/awt/Graphics;)V java.desktop@9.0.4 (409 bytes) @ 0x00000276cb286478 [0x00000276cb285ae0+0x0000000000000998]
J 14559 c2 javax.swing.JComponent.paintChildren(Ljava/awt/Graphics;)V java.desktop@9.0.4 (691 bytes) @ 0x00000276cb3a7074 [0x00000276cb3a6c00+0x0000000000000474]
J 13850 c2 javax.swing.JComponent.paint(Ljava/awt/Graphics;)V java.desktop@9.0.4 (409 bytes) @ 0x00000276cb286478 [0x00000276cb285ae0+0x0000000000000998]
J 14559 c2 javax.swing.JComponent.paintChildren(Ljava/awt/Graphics;)V java.desktop@9.0.4 (691 bytes) @ 0x00000276cb3a7074 [0x00000276cb3a6c00+0x0000000000000474]
J 13850 c2 javax.swing.JComponent.paint(Ljava/awt/Graphics;)V java.desktop@9.0.4 (409 bytes) @ 0x00000276cb286478 [0x00000276cb285ae0+0x0000000000000998]
J 14559 c2 javax.swing.JComponent.paintChildren(Ljava/awt/Graphics;)V java.desktop@9.0.4 (691 bytes) @ 0x00000276cb3a7074 [0x00000276cb3a6c00+0x0000000000000474]
J 13850 c2 javax.swing.JComponent.paint(Ljava/awt/Graphics;)V java.desktop@9.0.4 (409 bytes) @ 0x00000276cb286478 [0x00000276cb285ae0+0x0000000000000998]
J 14559 c2 javax.swing.JComponent.paintChildren(Ljava/awt/Graphics;)V java.desktop@9.0.4 (691 bytes) @ 0x00000276cb3a7074 [0x00000276cb3a6c00+0x0000000000000474]
J 13850 c2 javax.swing.JComponent.paint(Ljava/awt/Graphics;)V java.desktop@9.0.4 (409 bytes) @ 0x00000276cb286478 [0x00000276cb285ae0+0x0000000000000998]
J 14559 c2 javax.swing.JComponent.paintChildren(Ljava/awt/Graphics;)V java.desktop@9.0.4 (691 bytes) @ 0x00000276cb3a7074 [0x00000276cb3a6c00+0x0000000000000474]
J 13850 c2 javax.swing.JComponent.paint(Ljava/awt/Graphics;)V java.desktop@9.0.4 (409 bytes) @ 0x00000276cb286478 [0x00000276cb285ae0+0x0000000000000998]
J 14559 c2 javax.swing.JComponent.paintChildren(Ljava/awt/Graphics;)V java.desktop@9.0.4 (691 bytes) @ 0x00000276cb3a7074 [0x00000276cb3a6c00+0x0000000000000474]
J 13850 c2 javax.swing.JComponent.paint(Ljava/awt/Graphics;)V java.desktop@9.0.4 (409 bytes) @ 0x00000276cb286478 [0x00000276cb285ae0+0x0000000000000998]
J 14559 c2 javax.swing.JComponent.paintChildren(Ljava/awt/Graphics;)V java.desktop@9.0.4 (691 bytes) @ 0x00000276cb3a7074 [0x00000276cb3a6c00+0x0000000000000474]
J 13850 c2 javax.swing.JComponent.paint(Ljava/awt/Graphics;)V java.desktop@9.0.4 (409 bytes) @ 0x00000276cb286478 [0x00000276cb285ae0+0x0000000000000998]
J 14559 c2 javax.swing.JComponent.paintChildren(Ljava/awt/Graphics;)V java.desktop@9.0.4 (691 bytes) @ 0x00000276cb3a7074 [0x00000276cb3a6c00+0x0000000000000474]
J 13850 c2 javax.swing.JComponent.paint(Ljava/awt/Graphics;)V java.desktop@9.0.4 (409 bytes) @ 0x00000276cb286478 [0x00000276cb285ae0+0x0000000000000998]
J 14559 c2 javax.swing.JComponent.paintChildren(Ljava/awt/Graphics;)V java.desktop@9.0.4 (691 bytes) @ 0x00000276cb3a7074 [0x00000276cb3a6c00+0x0000000000000474]
J 13850 c2 javax.swing.JComponent.paint(Ljava/awt/Graphics;)V java.desktop@9.0.4 (409 bytes) @ 0x00000276cb286478 [0x00000276cb285ae0+0x0000000000000998]
J 14559 c2 javax.swing.JComponent.paintChildren(Ljava/awt/Graphics;)V java.desktop@9.0.4 (691 bytes) @ 0x00000276cb3a7074 [0x00000276cb3a6c00+0x0000000000000474]
J 13850 c2 javax.swing.JComponent.paint(Ljava/awt/Graphics;)V java.desktop@9.0.4 (409 bytes) @ 0x00000276cb286478 [0x00000276cb285ae0+0x0000000000000998]
J 14559 c2 javax.swing.JComponent.paintChildren(Ljava/awt/Graphics;)V java.desktop@9.0.4 (691 bytes) @ 0x00000276cb3a7074 [0x00000276cb3a6c00+0x0000000000000474]
J 13850 c2 javax.swing.JComponent.paint(Ljava/awt/Graphics;)V java.desktop@9.0.4 (409 bytes) @ 0x00000276cb286478 [0x00000276cb285ae0+0x0000000000000998]
J 14559 c2 javax.swing.JComponent.paintChildren(Ljava/awt/Graphics;)V java.desktop@9.0.4 (691 bytes) @ 0x00000276cb3a7074 [0x00000276cb3a6c00+0x0000000000000474]
J 13850 c2 javax.swing.JComponent.paint(Ljava/awt/Graphics;)V java.desktop@9.0.4 (409 bytes) @ 0x00000276cb286478 [0x00000276cb285ae0+0x0000000000000998]
J 14559 c2 javax.swing.JComponent.paintChildren(Ljava/awt/Graphics;)V java.desktop@9.0.4 (691 bytes) @ 0x00000276cb3a7074 [0x00000276cb3a6c00+0x0000000000000474]
J 13850 c2 javax.swing.JComponent.paint(Ljava/awt/Graphics;)V java.desktop@9.0.4 (409 bytes) @ 0x00000276cb286478 [0x00000276cb285ae0+0x0000000000000998]
J 14559 c2 javax.swing.JComponent.paintChildren(Ljava/awt/Graphics;)V java.desktop@9.0.4 (691 bytes) @ 0x00000276cb3a7074 [0x00000276cb3a6c00+0x0000000000000474]
J 13850 c2 javax.swing.JComponent.paint(Ljava/awt/Graphics;)V java.desktop@9.0.4 (409 bytes) @ 0x00000276cb286478 [0x00000276cb285ae0+0x0000000000000998]
J 14559 c2 javax.swing.JComponent.paintChildren(Ljava/awt/Graphics;)V java.desktop@9.0.4 (691 bytes) @ 0x00000276cb3a7074 [0x00000276cb3a6c00+0x0000000000000474]
J 13850 c2 javax.swing.JComponent.paint(Ljava/awt/Graphics;)V java.desktop@9.0.4 (409 bytes) @ 0x00000276cb286478 [0x00000276cb285ae0+0x0000000000000998]
J 14559 c2 javax.swing.JComponent.paintChildren(Ljava/awt/Graphics;)V java.desktop@9.0.4 (691 bytes) @ 0x00000276cb3a7074 [0x00000276cb3a6c00+0x0000000000000474]
J 13850 c2 javax.swing.JComponent.paint(Ljava/awt/Graphics;)V java.desktop@9.0.4 (409 bytes) @ 0x00000276cb286478 [0x00000276cb285ae0+0x0000000000000998]
J 14559 c2 javax.swing.JComponent.paintChildren(Ljava/awt/Graphics;)V java.desktop@9.0.4 (691 bytes) @ 0x00000276cb3a7074 [0x00000276cb3a6c00+0x0000000000000474]
J 13850 c2 javax.swing.JComponent.paint(Ljava/awt/Graphics;)V java.desktop@9.0.4 (409 bytes) @ 0x00000276cb286478 [0x00000276cb285ae0+0x0000000000000998]
J 14559 c2 javax.swing.JComponent.paintChildren(Ljava/awt/Graphics;)V java.desktop@9.0.4 (691 bytes) @ 0x00000276cb3a7074 [0x00000276cb3a6c00+0x0000000000000474]
J 13850 c2 javax.swing.JComponent.paint(Ljava/awt/Graphics;)V java.desktop@9.0.4 (409 bytes) @ 0x00000276cb286478 [0x00000276cb285ae0+0x0000000000000998]
J 14559 c2 javax.swing.JComponent.paintChildren(Ljava/awt/Graphics;)V java.desktop@9.0.4 (691 bytes) @ 0x00000276cb3a7074 [0x00000276cb3a6c00+0x0000000000000474]
j  javax.swing.JSplitPane.paintChildren(Ljava/awt/Graphics;)V+2 java.desktop@9.0.4
J 13850 c2 javax.swing.JComponent.paint(Ljava/awt/Graphics;)V java.desktop@9.0.4 (409 bytes) @ 0x00000276cb286478 [0x00000276cb285ae0+0x0000000000000998]
J 14559 c2 javax.swing.JComponent.paintChildren(Ljava/awt/Graphics;)V java.desktop@9.0.4 (691 bytes) @ 0x00000276cb3a7074 [0x00000276cb3a6c00+0x0000000000000474]
J 13850 c2 javax.swing.JComponent.paint(Ljava/awt/Graphics;)V java.desktop@9.0.4 (409 bytes) @ 0x00000276cb286478 [0x00000276cb285ae0+0x0000000000000998]
J 14559 c2 javax.swing.JComponent.paintChildren(Ljava/awt/Graphics;)V java.desktop@9.0.4 (691 bytes) @ 0x00000276cb3a7074 [0x00000276cb3a6c00+0x0000000000000474]
J 13850 c2 javax.swing.JComponent.paint(Ljava/awt/Graphics;)V java.desktop@9.0.4 (409 bytes) @ 0x00000276cb286478 [0x00000276cb285ae0+0x0000000000000998]
J 14559 c2 javax.swing.JComponent.paintChildren(Ljava/awt/Graphics;)V java.desktop@9.0.4 (691 bytes) @ 0x00000276cb3a7074 [0x00000276cb3a6c00+0x0000000000000474]
J 13850 c2 javax.swing.JComponent.paint(Ljava/awt/Graphics;)V java.desktop@9.0.4 (409 bytes) @ 0x00000276cb286478 [0x00000276cb285ae0+0x0000000000000998]
J 14559 c2 javax.swing.JComponent.paintChildren(Ljava/awt/Graphics;)V java.desktop@9.0.4 (691 bytes) @ 0x00000276cb3a7074 [0x00000276cb3a6c00+0x0000000000000474]
J 13850 c2 javax.swing.JComponent.paint(Ljava/awt/Graphics;)V java.desktop@9.0.4 (409 bytes) @ 0x00000276cb286478 [0x00000276cb285ae0+0x0000000000000998]
J 13653 c1 javax.swing.JComponent.paintToOffscreen(Ljava/awt/Graphics;IIIIII)V java.desktop@9.0.4 (108 bytes) @ 0x00000276c51f2124 [0x00000276c51f1de0+0x0000000000000344]
J 13641 c1 javax.swing.RepaintManager$PaintManager.paintDoubleBufferedImpl(Ljavax/swing/JComponent;Ljava/awt/Image;Ljava/awt/Graphics;IIII)V java.desktop@9.0.4 (294 bytes) @ 0x00000276c51e8be4 [0x00000276c51e84c0+0x0000000000000724]
J 13637 c1 javax.swing.RepaintManager$PaintManager.paintDoubleBuffered(Ljavax/swing/JComponent;Ljava/awt/Image;Ljava/awt/Graphics;IIII)V java.desktop@9.0.4 (50 bytes) @ 0x00000276c51e3f84 [0x00000276c51e3d00+0x0000000000000284]
J 13551 c1 javax.swing.RepaintManager$PaintManager.paint(Ljavax/swing/JComponent;Ljavax/swing/JComponent;Ljava/awt/Graphics;IIII)Z java.desktop@9.0.4 (201 bytes) @ 0x00000276c51a6bf4 [0x00000276c51a5f00+0x0000000000000cf4]
J 14699 c2 javax.swing.JComponent._paintImmediately(IIII)V java.desktop@9.0.4 (891 bytes) @ 0x00000276cb4099e4 [0x00000276cb408be0+0x0000000000000e04]
J 13541 c1 javax.swing.JComponent.paintImmediately(IIII)V java.desktop@9.0.4 (155 bytes) @ 0x00000276c519e86c [0x00000276c519da80+0x0000000000000dec]
J 13938 c1 javax.swing.RepaintManager$4.run()Ljava/lang/Void; java.desktop@9.0.4 (278 bytes) @ 0x00000276c533076c [0x00000276c53300c0+0x00000000000006ac]
J 13536 c1 javax.swing.RepaintManager$4.run()Ljava/lang/Object; java.desktop@9.0.4 (5 bytes) @ 0x00000276c5199144 [0x00000276c51990c0+0x0000000000000084]
v  ~StubRoutines::call_stub
J 4218  java.security.AccessController.doPrivileged(Ljava/security/PrivilegedAction;Ljava/security/AccessControlContext;)Ljava/lang/Object; java.base@9.0.4 (0 bytes) @ 0x00000276caaa4746 [0x00000276caaa46e0+0x0000000000000066]
J 13674 c1 javax.swing.RepaintManager.paintDirtyRegions(Ljava/util/Map;)V java.desktop@9.0.4 (196 bytes) @ 0x00000276c52011bc [0x00000276c51ffb80+0x000000000000163c]
J 13582 c1 javax.swing.RepaintManager.paintDirtyRegions()V java.desktop@9.0.4 (50 bytes) @ 0x00000276c51b7284 [0x00000276c51b6fe0+0x00000000000002a4]
J 13581 c1 javax.swing.RepaintManager.prePaintDirtyRegions()V java.desktop@9.0.4 (91 bytes) @ 0x00000276c51b647c [0x00000276c51b5e60+0x000000000000061c]
J 13577 c1 javax.swing.RepaintManager$ProcessingRunnable.run()V java.desktop@9.0.4 (41 bytes) @ 0x00000276c51b5844 [0x00000276c51b5600+0x0000000000000244]
J 12053 c1 java.awt.event.InvocationEvent.dispatch()V java.desktop@9.0.4 (69 bytes) @ 0x00000276c4caf5ac [0x00000276c4caf3a0+0x000000000000020c]
J 12063 c1 java.awt.EventQueue.dispatchEventImpl(Ljava/awt/AWTEvent;Ljava/lang/Object;)V java.desktop@9.0.4 (136 bytes) @ 0x00000276c4cb5e04 [0x00000276c4cb4440+0x00000000000019c4]
J 12061 c1 java.awt.EventQueue$3.run()Ljava/lang/Void; java.desktop@9.0.4 (60 bytes) @ 0x00000276c4cb38a4 [0x00000276c4cb36a0+0x0000000000000204]
J 12060 c1 java.awt.EventQueue$3.run()Ljava/lang/Object; java.desktop@9.0.4 (5 bytes) @ 0x00000276c4cb2ec4 [0x00000276c4cb2e40+0x0000000000000084]
v  ~StubRoutines::call_stub
J 4218  java.security.AccessController.doPrivileged(Ljava/security/PrivilegedAction;Ljava/security/AccessControlContext;)Ljava/lang/Object; java.base@9.0.4 (0 bytes) @ 0x00000276caaa4746 [0x00000276caaa46e0+0x0000000000000066]
J 14639 c2 ui.frmwork.b.d.dispatchEvent(Ljava/awt/AWTEvent;)V (34 bytes) @ 0x00000276cb3dcadc [0x00000276cb3dc500+0x00000000000005dc]
J 11678 c1 java.awt.EventDispatchThread.pumpOneEventForFilters(I)V java.desktop@9.0.4 (218 bytes) @ 0x00000276c4ba6cbc [0x00000276c4ba58c0+0x00000000000013fc]
j  java.awt.EventDispatchThread.pumpEventsForFilter(ILjava/awt/Conditional;Ljava/awt/EventFilter;)V+35 java.desktop@9.0.4
j  java.awt.EventDispatchThread.pumpEventsForHierarchy(ILjava/awt/Conditional;Ljava/awt/Component;)V+11 java.desktop@9.0.4
j  java.awt.EventDispatchThread.pumpEvents(ILjava/awt/Conditional;)V+4 java.desktop@9.0.4
j  java.awt.EventDispatchThread.pumpEvents(Ljava/awt/Conditional;)V+3 java.desktop@9.0.4
j  java.awt.EventDispatchThread.run()V+9 java.desktop@9.0.4
v  ~StubRoutines::call_stub

siginfo: EXCEPTION_ACCESS_VIOLATION (0xc0000005), reading address 0x00007fff00000062


Register to memory mapping:

RIP=0x00007fffb87946ad librdi_filemgmt.dll
RAX=0x00007fff0000000a is an unknown value
RBX=0x0000000000000004 is an unknown value
RCX=0x00000276bb424ee0 is an unknown value
RDX=0x00000089ef4f79f0 is pointing into the stack for thread: 0x00000276d8e16800
RSP=0x00000089ef4f78e0 is pointing into the stack for thread: 0x00000276d8e16800
RBP=0x00000089ef4f7a00 is pointing into the stack for thread: 0x00000276d8e16800
RSI=0x00000276bb424ee0 is an unknown value
RDI=0x00000276e406eff0 is pointing into metadata
R8 =0x00000276bb424ee0 is an unknown value
R9 =
[error occurred during error reporting (printing register info), id 0xc0000005]

Registers:
RAX=0x00007fff0000000a, RBX=0x0000000000000004, RCX=0x00000276bb424ee0, RDX=0x00000089ef4f79f0
RSP=0x00000089ef4f78e0, RBP=0x00000089ef4f7a00, RSI=0x00000276bb424ee0, RDI=0x00000276e406eff0
R8 =0x00000276bb424ee0, R9 =0x000000070ac1a1e0, R10=0x00007fffb8794680, R11=0x00000000000003e0
R12=0x0000000000000000, R13=0x00000089ef4f7d98, R14=0x00000089ef4f79f0, R15=0x00000276d8e16800
RIP=0x00007fffb87946ad, EFLAGS=0x0000000000010202

Top of Stack: (sp=0x00000089ef4f78e0)
0x00000089ef4f78e0:   00000276d9b3253e 00000089ef4f7978
0x00000089ef4f78f0:   00000276d9b33de8 0000000000000000
0x00000089ef4f7900:   00000276d8e16a18 fffffffffffffffe
0x00000089ef4f7910:   0000000000000000 00000089ef4f7948
0x00000089ef4f7920:   00000089ef4f79c8 00000276c2c8b1e0
0x00000089ef4f7930:   00000000429c0000 0000000701e0e390
0x00000089ef4f7940:   000000070132db10 0000000000000001
0x00000089ef4f7950:   000000000000000c 0000000000000000
0x00000089ef4f7960:   0000000741a00000 0000000700000000
0x00000089ef4f7970:   000000070ac18e38 000000070132da98
0x00000089ef4f7980:   00000089ef4f7980 0000cb5827a06c86
0x00000089ef4f7990:   00000089ef4f7a00 00000276cb24bbba
0x00000089ef4f79a0:   0000000000000000 0000000701bd8f20
0x00000089ef4f79b0:   00000276d9b325e8 0000000000000000
0x00000089ef4f79c0:   00000089ef4f79d8 00000089ef4f7a50
0x00000089ef4f79d0:   00000276c2c8b1e0 000000000000000c 

Instructions: (pc=0x00007fffb87946ad)
0x00007fffb879468d:   ff ff ff 48 8b 05 59 fe 4a 00 48 33 c4 48 89 84
0x00007fffb879469d:   24 a8 00 00 00 48 89 4c 24 20 49 8b 00 49 8b c8
0x00007fffb87946ad:   ff 50 58 90 eb 02 32 c0 48 8b 8c 24 a8 00 00 00
0x00007fffb87946bd:   48 33 cc e8 bb e8 18 00 48 81 c4 b8 00 00 00 c3 



---------------  P R O C E S S  ---------------

Java Threads: ( => current thread )
  0x00000276e77ca000 JavaThread "Image Fetcher 0" daemon [_thread_blocked, id=21456, stack(0x00000089ef500000,0x00000089efa00000)]
  0x00000276e77d1000 JavaThread "Image Fetcher 3" daemon [_thread_blocked, id=11916, stack(0x00000089ee100000,0x00000089ee600000)]
  0x00000276e77d0000 JavaThread "SyntheticaAnimation 50" daemon [_thread_blocked, id=7560, stack(0x00000089f1100000,0x00000089f1600000)]
  0x00000276e77ce800 JavaThread "Update Runs Swing Worker Thread" [_thread_blocked, id=2788, stack(0x00000089f2f00000,0x00000089f3400000)]
  0x00000276e77cb000 JavaThread "hw_ila_monitor" [_thread_blocked, id=20224, stack(0x00000089f2000000,0x00000089f2500000)]
  0x00000276bc137000 JavaThread "Refresh Filesets Swing Worker Thread" [_thread_blocked, id=13008, stack(0x00000089f1b00000,0x00000089f2000000)]
  0x00000276bc13d000 JavaThread "SyntheticaAnimation 70" daemon [_thread_blocked, id=9952, stack(0x00000089f1600000,0x00000089f1b00000)]
  0x00000276bc13a800 JavaThread "SyntheticaAnimation 25" daemon [_thread_blocked, id=22588, stack(0x00000089f0c00000,0x00000089f1100000)]
  0x00000276bc13a000 JavaThread "SyntheticaAnimation 50" daemon [_thread_blocked, id=18896, stack(0x00000089f0700000,0x00000089f0c00000)]
  0x00000276bc139000 JavaThread "Monitor HEventQueue Thread" [_thread_blocked, id=5940, stack(0x00000089f0200000,0x00000089f0700000)]
  0x00000276bc13c000 JavaThread "SyntheticaCleanerThread" daemon [_thread_blocked, id=21812, stack(0x00000089efa00000,0x00000089eff00000)]
  0x00000276bc136000 JavaThread "Batik CleanerThread" daemon [_thread_blocked, id=4128, stack(0x00000089ee600000,0x00000089eeb00000)]
=>0x00000276d8e16800 JavaThread "AWT-EventQueue-1" [_thread_in_native, id=8660, stack(0x00000089ef000000,0x00000089ef500000)]
  0x00000276da91d800 JavaThread "Process Messages Thread" [_thread_blocked, id=11356, stack(0x00000089eeb00000,0x00000089ef000000)]
  0x00000276da881000 JavaThread "Thread-1" [_thread_in_native, id=17288, stack(0x00000089e6600000,0x00000089e7a00000)]
  0x00000276d8e67800 JavaThread "TimerQueue" daemon [_thread_blocked, id=22080, stack(0x00000089edc00000,0x00000089ee100000)]
  0x00000276d8d22000 JavaThread "AWT-Windows" daemon [_thread_in_native, id=4588, stack(0x00000089ed700000,0x00000089edc00000)]
  0x00000276b0b7e800 JavaThread "AWT-Shutdown" [_thread_blocked, id=4232, stack(0x00000089ed200000,0x00000089ed700000)]
  0x00000276d8920000 JavaThread "Java2D Disposer" daemon [_thread_blocked, id=8872, stack(0x00000089ecd00000,0x00000089ed200000)]
  0x00000276b08a3800 JavaThread "Service Thread" daemon [_thread_blocked, id=13732, stack(0x00000089ec700000,0x00000089ecc00000)]
  0x00000276b4bc4800 JavaThread "Common-Cleaner" daemon [_thread_blocked, id=21960, stack(0x00000089ec200000,0x00000089ec700000)]
  0x00000276bc138800 JavaThread "Sweeper thread" daemon [_thread_blocked, id=15860, stack(0x00000089ebd00000,0x00000089ec200000)]
  0x00000276b4613800 JavaThread "C1 CompilerThread11" daemon [_thread_blocked, id=16664, stack(0x00000089ebc00000,0x00000089ebd00000)]
  0x00000276b4612000 JavaThread "C1 CompilerThread10" daemon [_thread_blocked, id=3992, stack(0x00000089ebb00000,0x00000089ebc00000)]
  0x00000276b4610800 JavaThread "C1 CompilerThread9" daemon [_thread_blocked, id=17224, stack(0x00000089eba00000,0x00000089ebb00000)]
  0x00000276b42d5800 JavaThread "C1 CompilerThread8" daemon [_thread_blocked, id=23300, stack(0x00000089eb900000,0x00000089eba00000)]
  0x00000276bb4d6800 JavaThread "C2 CompilerThread7" daemon [_thread_blocked, id=20360, stack(0x00000089eb800000,0x00000089eb900000)]
  0x00000276bb4d4800 JavaThread "C2 CompilerThread6" daemon [_thread_blocked, id=22832, stack(0x00000089eb700000,0x00000089eb800000)]
  0x00000276bb4d2800 JavaThread "C2 CompilerThread5" daemon [_thread_in_native, id=19788, stack(0x00000089eb600000,0x00000089eb700000)]
  0x00000276bb4d1800 JavaThread "C2 CompilerThread4" daemon [_thread_blocked, id=13604, stack(0x00000089eb500000,0x00000089eb600000)]
  0x00000276bb4cf800 JavaThread "C2 CompilerThread3" daemon [_thread_blocked, id=3616, stack(0x00000089eb400000,0x00000089eb500000)]
  0x00000276bb4ce000 JavaThread "C2 CompilerThread2" daemon [_thread_blocked, id=22596, stack(0x00000089eb300000,0x00000089eb400000)]
  0x00000276bb4c8800 JavaThread "C2 CompilerThread1" daemon [_thread_blocked, id=18240, stack(0x00000089eb200000,0x00000089eb300000)]
  0x00000276bb9d8000 JavaThread "C2 CompilerThread0" daemon [_thread_blocked, id=19284, stack(0x00000089eb100000,0x00000089eb200000)]
  0x00000276bb9d7800 JavaThread "Attach Listener" daemon [_thread_blocked, id=23360, stack(0x00000089eac00000,0x00000089eb100000)]
  0x00000276aeb2b000 JavaThread "Signal Dispatcher" daemon [_thread_blocked, id=18328, stack(0x00000089ea700000,0x00000089eac00000)]
  0x00000276bb9b9000 JavaThread "Finalizer" daemon [_thread_blocked, id=19800, stack(0x00000089ea200000,0x00000089ea700000)]
  0x00000276bb9af800 JavaThread "Reference Handler" daemon [_thread_blocked, id=12996, stack(0x00000089e9d00000,0x00000089ea200000)]
  0x00000276adfec000 JavaThread "main" [_thread_blocked, id=9336, stack(0x00000089e6500000,0x00000089e6600000)]

Other Threads:
  0x00000276b3662000 VMThread "VM Thread" [stack: 0x00000089e9c00000,0x00000089e9d00000] [id=18356]
  0x00000276b0837000 WatcherThread [stack: 0x00000089ecc00000,0x00000089ecd00000] [id=20788]
  0x00000276bb8f7000 GCTaskThread "GC Thread#0" [stack: 0x00000089e7d00000,0x00000089e7e00000] [id=15488]
  0x00000276b3667000 GCTaskThread "GC Thread#1" [stack: 0x00000089e7e00000,0x00000089e7f00000] [id=23060]
  0x00000276b3667800 GCTaskThread "GC Thread#2" [stack: 0x00000089e7f00000,0x00000089e8000000] [id=22740]
  0x00000276b3668000 GCTaskThread "GC Thread#3" [stack: 0x00000089e8000000,0x00000089e8100000] [id=22760]
  0x00000276b3669800 GCTaskThread "GC Thread#4" [stack: 0x00000089e8100000,0x00000089e8200000] [id=17516]
  0x00000276b3669000 GCTaskThread "GC Thread#5" [stack: 0x00000089e8200000,0x00000089e8300000] [id=6512]
  0x00000276b3666800 GCTaskThread "GC Thread#6" [stack: 0x00000089e8300000,0x00000089e8400000] [id=21240]
  0x00000276b4b97800 GCTaskThread "GC Thread#7" [stack: 0x00000089e8400000,0x00000089e8500000] [id=23100]
  0x00000276b4b9a800 GCTaskThread "GC Thread#8" [stack: 0x00000089e8500000,0x00000089e8600000] [id=12004]
  0x00000276b4b96000 GCTaskThread "GC Thread#9" [stack: 0x00000089e8600000,0x00000089e8700000] [id=11868]
  0x00000276b4b9a000 GCTaskThread "GC Thread#10" [stack: 0x00000089e8700000,0x00000089e8800000] [id=19896]
  0x00000276b4b9c800 GCTaskThread "GC Thread#11" [stack: 0x00000089e8800000,0x00000089e8900000] [id=23352]
  0x00000276b4b9b000 GCTaskThread "GC Thread#12" [stack: 0x00000089e8900000,0x00000089e8a00000] [id=7236]
  0x00000276b4bb5800 ConcurrentGCThread "G1 Main Marker" [stack: 0x00000089e9800000,0x00000089e9900000] [id=18060]
  0x00000276b4b9d000 ConcurrentGCThread "G1 Marker#0" [stack: 0x00000089e9900000,0x00000089e9a00000] [id=9320]
  0x00000276b4b9d800 ConcurrentGCThread "G1 Marker#1" [stack: 0x00000089e9a00000,0x00000089e9b00000] [id=15580]
  0x00000276b4b98000 ConcurrentGCThread "G1 Marker#2" [stack: 0x00000089e9b00000,0x00000089e9c00000] [id=21968]
  0x00000276baa45800 ConcurrentGCThread "G1 Refine#0" [stack: 0x00000089e9600000,0x00000089e9700000] [id=13496]
  0x00000276baa45000 ConcurrentGCThread "G1 Refine#1" [stack: 0x00000089e9500000,0x00000089e9600000] [id=11096]
  0x00000276baa44800 ConcurrentGCThread "G1 Refine#2" [stack: 0x00000089e9400000,0x00000089e9500000] [id=19292]
  0x00000276bb80e000 ConcurrentGCThread "G1 Refine#3" [stack: 0x00000089e9300000,0x00000089e9400000] [id=21076]
  0x00000276bb80d000 ConcurrentGCThread "G1 Refine#4" [stack: 0x00000089e9200000,0x00000089e9300000] [id=5360]
  0x00000276bb808000 ConcurrentGCThread "G1 Refine#5" [stack: 0x00000089e9100000,0x00000089e9200000] [id=9136]
  0x00000276bb855800 ConcurrentGCThread "G1 Refine#6" [stack: 0x00000089e9000000,0x00000089e9100000] [id=19768]
  0x00000276bb855000 ConcurrentGCThread "G1 Refine#7" [stack: 0x00000089e8f00000,0x00000089e9000000] [id=15844]
  0x00000276bb853000 ConcurrentGCThread "G1 Refine#8" [stack: 0x00000089e8e00000,0x00000089e8f00000] [id=5672]
  0x00000276ba9a5000 ConcurrentGCThread "G1 Refine#9" [stack: 0x00000089e8d00000,0x00000089e8e00000] [id=18752]
  0x00000276ba9a4800 ConcurrentGCThread "G1 Refine#10" [stack: 0x00000089e8c00000,0x00000089e8d00000] [id=6700]
  0x00000276bc135800 ConcurrentGCThread "G1 Refine#11" [stack: 0x00000089e8b00000,0x00000089e8c00000] [id=19660]
  0x00000276bc135000 ConcurrentGCThread "G1 Refine#12" [stack: 0x00000089e8a00000,0x00000089e8b00000] [id=22936]
  0x00000276baa46000 ConcurrentGCThread "G1 Young RemSet Sampling" [stack: 0x00000089e9700000,0x00000089e9800000] [id=9244]

Threads with active compile tasks:
C2 CompilerThread514700   !   4       java.awt.EventDispatchThread::pumpOneEventForFilters (218 bytes)

VM state:not at safepoint (normal execution)

VM Mutex/Monitor currently owned by a thread: None

Heap address: 0x0000000700000000, size: 3072 MB, Compressed Oops mode: Zero based, Oop shift amount: 3
Narrow klass base: 0x0000000000000000, Narrow klass shift: 3
Compressed class space size: 1073741824 Address: 0x00000007c0000000

Heap:
 garbage-first heap   total 189440K, used 74173K [0x0000000700000000, 0x00000007001005c8, 0x00000007c0000000)
  region size 1024K, 18 young (18432K), 5 survivors (5120K)
 Metaspace       used 73215K, capacity 77989K, committed 78104K, reserved 1116160K
  class space    used 10123K, capacity 10979K, committed 11032K, reserved 1048576K
Heap Regions: E=young(eden), S=young(survivor), O=old, HS=humongous(starts), HC=humongous(continues), CS=collection set, F=free, A=archive, TS=gc time stamp, AC=allocation context, TAMS=top-at-mark-start (previous, next)
|   0|0x0000000700000000, 0x00000007000e5e30, 0x0000000700100000| 89%| O|  |TS  0|AC  0|TAMS 0x0000000700000000, 0x0000000700000000|
|   1|0x0000000700100000, 0x00000007001f8c68, 0x0000000700200000| 97%| O|  |TS  0|AC  0|TAMS 0x0000000700100000, 0x0000000700100000|
|   2|0x0000000700200000, 0x00000007002f7510, 0x0000000700300000| 96%| O|  |TS  0|AC  0|TAMS 0x0000000700200000, 0x0000000700200000|
|   3|0x0000000700300000, 0x00000007003fe280, 0x0000000700400000| 99%| O|  |TS  0|AC  0|TAMS 0x0000000700300000, 0x0000000700300000|
|   4|0x0000000700400000, 0x0000000700500000, 0x0000000700500000|100%|HS|  |TS  0|AC  0|TAMS 0x0000000700400000, 0x0000000700400000|
|   5|0x0000000700500000, 0x0000000700600000, 0x0000000700600000|100%|HC|  |TS  0|AC  0|TAMS 0x0000000700500000, 0x0000000700500000|
|   6|0x0000000700600000, 0x0000000700700000, 0x0000000700700000|100%|HS|  |TS  0|AC  0|TAMS 0x0000000700600000, 0x0000000700600000|
|   7|0x0000000700700000, 0x00000007007e0380, 0x0000000700800000| 87%| O|  |TS  0|AC  0|TAMS 0x0000000700700000, 0x0000000700700000|
|   8|0x0000000700800000, 0x00000007008fb5c0, 0x0000000700900000| 98%| O|  |TS  0|AC  0|TAMS 0x0000000700800000, 0x0000000700800000|
|   9|0x0000000700900000, 0x00000007009ea2f8, 0x0000000700a00000| 91%| O|  |TS  0|AC  0|TAMS 0x0000000700900000, 0x0000000700900000|
|  10|0x0000000700a00000, 0x0000000700affff8, 0x0000000700b00000| 99%| O|  |TS  0|AC  0|TAMS 0x0000000700a00000, 0x0000000700a00000|
|  11|0x0000000700b00000, 0x0000000700bffff8, 0x0000000700c00000| 99%| O|  |TS  0|AC  0|TAMS 0x0000000700b00000, 0x0000000700b00000|
|  12|0x0000000700c00000, 0x0000000700cffff0, 0x0000000700d00000| 99%| O|  |TS  0|AC  0|TAMS 0x0000000700c00000, 0x0000000700c00000|
|  13|0x0000000700d00000, 0x0000000700dfffc8, 0x0000000700e00000| 99%| O|  |TS  0|AC  0|TAMS 0x0000000700d00000, 0x0000000700d00000|
|  14|0x0000000700e00000, 0x0000000700effff8, 0x0000000700f00000| 99%| O|  |TS  0|AC  0|TAMS 0x0000000700e00000, 0x0000000700e00000|
|  15|0x0000000700f00000, 0x0000000700fffda0, 0x0000000701000000| 99%| O|  |TS  0|AC  0|TAMS 0x0000000700f00000, 0x0000000700f00000|
|  16|0x0000000701000000, 0x00000007010f6690, 0x0000000701100000| 96%| O|  |TS  0|AC  0|TAMS 0x0000000701000000, 0x0000000701000000|
|  17|0x0000000701100000, 0x0000000701200000, 0x0000000701200000|100%| O|  |TS  0|AC  0|TAMS 0x0000000701100000, 0x0000000701100000|
|  18|0x0000000701200000, 0x00000007012ffff0, 0x0000000701300000| 99%| O|  |TS  0|AC  0|TAMS 0x0000000701200000, 0x0000000701200000|
|  19|0x0000000701300000, 0x00000007013fffa8, 0x0000000701400000| 99%| O|  |TS  0|AC  0|TAMS 0x0000000701300000, 0x0000000701300000|
|  20|0x0000000701400000, 0x00000007014ffff8, 0x0000000701500000| 99%| O|  |TS  0|AC  0|TAMS 0x0000000701400000, 0x0000000701400000|
|  21|0x0000000701500000, 0x0000000701600000, 0x0000000701600000|100%|HS|  |TS  0|AC  0|TAMS 0x0000000701500000, 0x0000000701500000|
|  22|0x0000000701600000, 0x00000007016ffff8, 0x0000000701700000| 99%| O|  |TS  0|AC  0|TAMS 0x0000000701600000, 0x0000000701600000|
|  23|0x0000000701700000, 0x00000007017ffff0, 0x0000000701800000| 99%| O|  |TS  0|AC  0|TAMS 0x0000000701700000, 0x0000000701700000|
|  24|0x0000000701800000, 0x00000007018ff438, 0x0000000701900000| 99%| O|  |TS  0|AC  0|TAMS 0x0000000701800000, 0x0000000701800000|
|  25|0x0000000701900000, 0x00000007019fffe8, 0x0000000701a00000| 99%| O|  |TS  0|AC  0|TAMS 0x0000000701900000, 0x0000000701900000|
|  26|0x0000000701a00000, 0x0000000701b00000, 0x0000000701b00000|100%| O|  |TS  0|AC  0|TAMS 0x0000000701a00000, 0x0000000701a00000|
|  27|0x0000000701b00000, 0x0000000701bfffe0, 0x0000000701c00000| 99%| O|  |TS  0|AC  0|TAMS 0x0000000701b00000, 0x0000000701b00000|
|  28|0x0000000701c00000, 0x0000000701d00000, 0x0000000701d00000|100%| O|  |TS  0|AC  0|TAMS 0x0000000701c00000, 0x0000000701c00000|
|  29|0x0000000701d00000, 0x0000000701dfffe8, 0x0000000701e00000| 99%| O|  |TS  0|AC  0|TAMS 0x0000000701d00000, 0x0000000701d00000|
|  30|0x0000000701e00000, 0x0000000701efffe8, 0x0000000701f00000| 99%| O|  |TS  0|AC  0|TAMS 0x0000000701e00000, 0x0000000701e00000|
|  31|0x0000000701f00000, 0x0000000701ffffe8, 0x0000000702000000| 99%| O|  |TS  0|AC  0|TAMS 0x0000000701f00000, 0x0000000701f00000|
|  32|0x0000000702000000, 0x00000007020ffe70, 0x0000000702100000| 99%| O|  |TS  0|AC  0|TAMS 0x0000000702000000, 0x0000000702000000|
|  33|0x0000000702100000, 0x00000007021ffff8, 0x0000000702200000| 99%| O|  |TS  0|AC  0|TAMS 0x0000000702100000, 0x0000000702100000|
|  34|0x0000000702200000, 0x00000007022ffff0, 0x0000000702300000| 99%| O|  |TS  0|AC  0|TAMS 0x0000000702200000, 0x0000000702200000|
|  35|0x0000000702300000, 0x00000007023ffc70, 0x0000000702400000| 99%| O|  |TS  0|AC  0|TAMS 0x0000000702300000, 0x0000000702300000|
|  36|0x0000000702400000, 0x00000007024ffff0, 0x0000000702500000| 99%| O|  |TS  0|AC  0|TAMS 0x0000000702400000, 0x0000000702400000|
|  37|0x0000000702500000, 0x00000007025ffdb8, 0x0000000702600000| 99%| O|  |TS  0|AC  0|TAMS 0x0000000702500000, 0x0000000702500000|
|  38|0x0000000702600000, 0x0000000702700000, 0x0000000702700000|100%| O|  |TS  0|AC  0|TAMS 0x0000000702600000, 0x0000000702600000|
|  39|0x0000000702700000, 0x00000007027ffff0, 0x0000000702800000| 99%| O|  |TS  0|AC  0|TAMS 0x0000000702700000, 0x0000000702700000|
|  40|0x0000000702800000, 0x00000007028fff28, 0x0000000702900000| 99%| O|  |TS  0|AC  0|TAMS 0x0000000702800000, 0x0000000702800000|
|  41|0x0000000702900000, 0x0000000702a00000, 0x0000000702a00000|100%| O|  |TS  0|AC  0|TAMS 0x0000000702900000, 0x0000000702900000|
|  42|0x0000000702a00000, 0x0000000702affff0, 0x0000000702b00000| 99%| O|  |TS  0|AC  0|TAMS 0x0000000702a00000, 0x0000000702a00000|
|  43|0x0000000702b00000, 0x0000000702bf9920, 0x0000000702c00000| 97%| O|  |TS  0|AC  0|TAMS 0x0000000702b00000, 0x0000000702b00000|
|  44|0x0000000702c00000, 0x0000000702d00000, 0x0000000702d00000|100%| O|  |TS  0|AC  0|TAMS 0x0000000702c00000, 0x0000000702c00000|
|  45|0x0000000702d00000, 0x0000000702e00000, 0x0000000702e00000|100%| O|  |TS  0|AC  0|TAMS 0x0000000702d00000, 0x0000000702d00000|
|  46|0x0000000702e00000, 0x0000000702effff8, 0x0000000702f00000| 99%| O|  |TS  0|AC  0|TAMS 0x0000000702e00000, 0x0000000702e00000|
|  47|0x0000000702f00000, 0x0000000702fffff0, 0x0000000703000000| 99%| O|  |TS  0|AC  0|TAMS 0x0000000702f00000, 0x0000000702f00000|
|  48|0x0000000703000000, 0x0000000703100000, 0x0000000703100000|100%|HS|  |TS  0|AC  0|TAMS 0x0000000703000000, 0x0000000703000000|
|  49|0x0000000703100000, 0x0000000703200000, 0x0000000703200000|100%|HC|  |TS  0|AC  0|TAMS 0x0000000703100000, 0x0000000703100000|
|  50|0x0000000703200000, 0x0000000703300000, 0x0000000703300000|100%|HC|  |TS  0|AC  0|TAMS 0x0000000703200000, 0x0000000703200000|
|  51|0x0000000703300000, 0x0000000703400000, 0x0000000703400000|100%|HC|  |TS  0|AC  0|TAMS 0x0000000703300000, 0x0000000703300000|
|  52|0x0000000703400000, 0x0000000703500000, 0x0000000703500000|100%|HC|  |TS  0|AC  0|TAMS 0x0000000703400000, 0x0000000703400000|
|  53|0x0000000703500000, 0x0000000703600000, 0x0000000703600000|100%|HC|  |TS  0|AC  0|TAMS 0x0000000703500000, 0x0000000703500000|
|  54|0x0000000703600000, 0x0000000703700000, 0x0000000703700000|100%|HC|  |TS  0|AC  0|TAMS 0x0000000703600000, 0x0000000703600000|
|  55|0x0000000703700000, 0x0000000703800000, 0x0000000703800000|100%|HC|  |TS  0|AC  0|TAMS 0x0000000703700000, 0x0000000703700000|
|  56|0x0000000703800000, 0x00000007038be408, 0x0000000703900000| 74%| O|  |TS  0|AC  0|TAMS 0x0000000703800000, 0x0000000703800000|
|  57|0x0000000703900000, 0x0000000703900000, 0x0000000703a00000|  0%| F|  |TS  0|AC  0|TAMS 0x0000000703900000, 0x0000000703900000|
|  58|0x0000000703a00000, 0x0000000703a00000, 0x0000000703b00000|  0%| F|  |TS  0|AC  0|TAMS 0x0000000703a00000, 0x0000000703a00000|
|  59|0x0000000703b00000, 0x0000000703b00000, 0x0000000703c00000|  0%| F|  |TS  0|AC  0|TAMS 0x0000000703b00000, 0x0000000703b00000|
|  60|0x0000000703c00000, 0x0000000703c00000, 0x0000000703d00000|  0%| F|  |TS  0|AC  0|TAMS 0x0000000703c00000, 0x0000000703c00000|
|  61|0x0000000703d00000, 0x0000000703d00000, 0x0000000703e00000|  0%| F|  |TS  0|AC  0|TAMS 0x0000000703d00000, 0x0000000703d00000|
|  62|0x0000000703e00000, 0x0000000703e00000, 0x0000000703f00000|  0%| F|  |TS  0|AC  0|TAMS 0x0000000703e00000, 0x0000000703e00000|
|  63|0x0000000703f00000, 0x0000000703f00000, 0x0000000704000000|  0%| F|  |TS  0|AC  0|TAMS 0x0000000703f00000, 0x0000000703f00000|
|  64|0x0000000704000000, 0x0000000704000000, 0x0000000704100000|  0%| F|  |TS  0|AC  0|TAMS 0x0000000704000000, 0x0000000704000000|
|  65|0x0000000704100000, 0x0000000704100000, 0x0000000704200000|  0%| F|  |TS  0|AC  0|TAMS 0x0000000704100000, 0x0000000704100000|
|  66|0x0000000704200000, 0x0000000704200000, 0x0000000704300000|  0%| F|  |TS  0|AC  0|TAMS 0x0000000704200000, 0x0000000704200000|
|  67|0x0000000704300000, 0x0000000704300000, 0x0000000704400000|  0%| F|  |TS  0|AC  0|TAMS 0x0000000704300000, 0x0000000704300000|
|  68|0x0000000704400000, 0x0000000704400000, 0x0000000704500000|  0%| F|  |TS  0|AC  0|TAMS 0x0000000704400000, 0x0000000704400000|
|  69|0x0000000704500000, 0x0000000704500000, 0x0000000704600000|  0%| F|  |TS  0|AC  0|TAMS 0x0000000704500000, 0x0000000704500000|
|  70|0x0000000704600000, 0x0000000704600000, 0x0000000704700000|  0%| F|  |TS  0|AC  0|TAMS 0x0000000704600000, 0x0000000704600000|
|  71|0x0000000704700000, 0x0000000704700000, 0x0000000704800000|  0%| F|  |TS  0|AC  0|TAMS 0x0000000704700000, 0x0000000704700000|
|  72|0x0000000704800000, 0x0000000704800000, 0x0000000704900000|  0%| F|  |TS  0|AC  0|TAMS 0x0000000704800000, 0x0000000704800000|
|  73|0x0000000704900000, 0x0000000704900000, 0x0000000704a00000|  0%| F|  |TS  0|AC  0|TAMS 0x0000000704900000, 0x0000000704900000|
|  74|0x0000000704a00000, 0x0000000704a00000, 0x0000000704b00000|  0%| F|  |TS  0|AC  0|TAMS 0x0000000704a00000, 0x0000000704a00000|
|  75|0x0000000704b00000, 0x0000000704b00000, 0x0000000704c00000|  0%| F|  |TS  0|AC  0|TAMS 0x0000000704b00000, 0x0000000704b00000|
|  76|0x0000000704c00000, 0x0000000704c00000, 0x0000000704d00000|  0%| F|  |TS  0|AC  0|TAMS 0x0000000704c00000, 0x0000000704c00000|
|  77|0x0000000704d00000, 0x0000000704d00000, 0x0000000704e00000|  0%| F|  |TS  0|AC  0|TAMS 0x0000000704d00000, 0x0000000704d00000|
|  78|0x0000000704e00000, 0x0000000704e00000, 0x0000000704f00000|  0%| F|  |TS  0|AC  0|TAMS 0x0000000704e00000, 0x0000000704e00000|
|  79|0x0000000704f00000, 0x0000000704f00000, 0x0000000705000000|  0%| F|  |TS  0|AC  0|TAMS 0x0000000704f00000, 0x0000000704f00000|
|  80|0x0000000705000000, 0x0000000705000000, 0x0000000705100000|  0%| F|  |TS  0|AC  0|TAMS 0x0000000705000000, 0x0000000705000000|
|  81|0x0000000705100000, 0x0000000705100000, 0x0000000705200000|  0%| F|  |TS  0|AC  0|TAMS 0x0000000705100000, 0x0000000705100000|
|  82|0x0000000705200000, 0x0000000705200000, 0x0000000705300000|  0%| F|  |TS  0|AC  0|TAMS 0x0000000705200000, 0x0000000705200000|
|  83|0x0000000705300000, 0x0000000705300000, 0x0000000705400000|  0%| F|  |TS  0|AC  0|TAMS 0x0000000705300000, 0x0000000705300000|
|  84|0x0000000705400000, 0x0000000705400000, 0x0000000705500000|  0%| F|  |TS  0|AC  0|TAMS 0x0000000705400000, 0x0000000705400000|
|  85|0x0000000705500000, 0x0000000705500000, 0x0000000705600000|  0%| F|  |TS  0|AC  0|TAMS 0x0000000705500000, 0x0000000705500000|
|  86|0x0000000705600000, 0x0000000705600000, 0x0000000705700000|  0%| F|  |TS  0|AC  0|TAMS 0x0000000705600000, 0x0000000705600000|
|  87|0x0000000705700000, 0x0000000705700000, 0x0000000705800000|  0%| F|  |TS  0|AC  0|TAMS 0x0000000705700000, 0x0000000705700000|
|  88|0x0000000705800000, 0x0000000705800000, 0x0000000705900000|  0%| F|  |TS  0|AC  0|TAMS 0x0000000705800000, 0x0000000705800000|
|  89|0x0000000705900000, 0x0000000705900000, 0x0000000705a00000|  0%| F|  |TS  0|AC  0|TAMS 0x0000000705900000, 0x0000000705900000|
|  90|0x0000000705a00000, 0x0000000705a00000, 0x0000000705b00000|  0%| F|  |TS  0|AC  0|TAMS 0x0000000705a00000, 0x0000000705a00000|
|  91|0x0000000705b00000, 0x0000000705b00000, 0x0000000705c00000|  0%| F|  |TS  0|AC  0|TAMS 0x0000000705b00000, 0x0000000705b00000|
|  92|0x0000000705c00000, 0x0000000705c00000, 0x0000000705d00000|  0%| F|  |TS  7|AC  0|TAMS 0x0000000705c00000, 0x0000000705c00000|
|  93|0x0000000705d00000, 0x0000000705d00000, 0x0000000705e00000|  0%| F|  |TS  7|AC  0|TAMS 0x0000000705d00000, 0x0000000705d00000|
|  94|0x0000000705e00000, 0x0000000705e00000, 0x0000000705f00000|  0%| F|  |TS  5|AC  0|TAMS 0x0000000705e00000, 0x0000000705e00000|
|  95|0x0000000705f00000, 0x0000000705f00000, 0x0000000706000000|  0%| F|  |TS  5|AC  0|TAMS 0x0000000705f00000, 0x0000000705f00000|
|  96|0x0000000706000000, 0x0000000706000000, 0x0000000706100000|  0%| F|  |TS  5|AC  0|TAMS 0x0000000706000000, 0x0000000706000000|
|  97|0x0000000706100000, 0x0000000706100000, 0x0000000706200000|  0%| F|  |TS  5|AC  0|TAMS 0x0000000706100000, 0x0000000706100000|
|  98|0x0000000706200000, 0x0000000706200000, 0x0000000706300000|  0%| F|  |TS  5|AC  0|TAMS 0x0000000706200000, 0x0000000706200000|
|  99|0x0000000706300000, 0x0000000706300000, 0x0000000706400000|  0%| F|  |TS  5|AC  0|TAMS 0x0000000706300000, 0x0000000706300000|
| 100|0x0000000706400000, 0x0000000706400000, 0x0000000706500000|  0%| F|  |TS  5|AC  0|TAMS 0x0000000706400000, 0x0000000706400000|
| 101|0x0000000706500000, 0x0000000706500000, 0x0000000706600000|  0%| F|  |TS  5|AC  0|TAMS 0x0000000706500000, 0x0000000706500000|
| 102|0x0000000706600000, 0x0000000706600000, 0x0000000706700000|  0%| F|  |TS  5|AC  0|TAMS 0x0000000706600000, 0x0000000706600000|
| 103|0x0000000706700000, 0x0000000706700000, 0x0000000706800000|  0%| F|  |TS  5|AC  0|TAMS 0x0000000706700000, 0x0000000706700000|
| 104|0x0000000706800000, 0x0000000706800000, 0x0000000706900000|  0%| F|  |TS  5|AC  0|TAMS 0x0000000706800000, 0x0000000706800000|
| 105|0x0000000706900000, 0x0000000706900000, 0x0000000706a00000|  0%| F|  |TS  5|AC  0|TAMS 0x0000000706900000, 0x0000000706900000|
| 106|0x0000000706a00000, 0x0000000706a00000, 0x0000000706b00000|  0%| F|  |TS  5|AC  0|TAMS 0x0000000706a00000, 0x0000000706a00000|
| 107|0x0000000706b00000, 0x0000000706b00000, 0x0000000706c00000|  0%| F|  |TS  5|AC  0|TAMS 0x0000000706b00000, 0x0000000706b00000|
| 108|0x0000000706c00000, 0x0000000706c00000, 0x0000000706d00000|  0%| F|  |TS  5|AC  0|TAMS 0x0000000706c00000, 0x0000000706c00000|
| 109|0x0000000706d00000, 0x0000000706d00000, 0x0000000706e00000|  0%| F|  |TS  5|AC  0|TAMS 0x0000000706d00000, 0x0000000706d00000|
| 110|0x0000000706e00000, 0x0000000706e00000, 0x0000000706f00000|  0%| F|  |TS  5|AC  0|TAMS 0x0000000706e00000, 0x0000000706e00000|
| 111|0x0000000706f00000, 0x0000000706f00000, 0x0000000707000000|  0%| F|  |TS  5|AC  0|TAMS 0x0000000706f00000, 0x0000000706f00000|
| 112|0x0000000707000000, 0x0000000707000000, 0x0000000707100000|  0%| F|  |TS  5|AC  0|TAMS 0x0000000707000000, 0x0000000707000000|
| 113|0x0000000707100000, 0x0000000707100000, 0x0000000707200000|  0%| F|  |TS  5|AC  0|TAMS 0x0000000707100000, 0x0000000707100000|
| 114|0x0000000707200000, 0x0000000707200000, 0x0000000707300000|  0%| F|  |TS  5|AC  0|TAMS 0x0000000707200000, 0x0000000707200000|
| 115|0x0000000707300000, 0x0000000707300000, 0x0000000707400000|  0%| F|  |TS  5|AC  0|TAMS 0x0000000707300000, 0x0000000707300000|
| 116|0x0000000707400000, 0x0000000707400000, 0x0000000707500000|  0%| F|  |TS  5|AC  0|TAMS 0x0000000707400000, 0x0000000707400000|
| 117|0x0000000707500000, 0x0000000707500000, 0x0000000707600000|  0%| F|  |TS  5|AC  0|TAMS 0x0000000707500000, 0x0000000707500000|
| 118|0x0000000707600000, 0x0000000707600000, 0x0000000707700000|  0%| F|  |TS  5|AC  0|TAMS 0x0000000707600000, 0x0000000707600000|
| 119|0x0000000707700000, 0x0000000707700000, 0x0000000707800000|  0%| F|  |TS 15|AC  0|TAMS 0x0000000707700000, 0x0000000707700000|
| 120|0x0000000707800000, 0x0000000707828dd0, 0x0000000707900000| 15%| S|CS|TS 17|AC  0|TAMS 0x0000000707800000, 0x0000000707800000|
| 121|0x0000000707900000, 0x0000000707a00000, 0x0000000707a00000|100%| S|CS|TS 17|AC  0|TAMS 0x0000000707900000, 0x0000000707900000|
| 122|0x0000000707a00000, 0x0000000707b00000, 0x0000000707b00000|100%| S|CS|TS 17|AC  0|TAMS 0x0000000707a00000, 0x0000000707a00000|
| 123|0x0000000707b00000, 0x0000000707c00000, 0x0000000707c00000|100%| S|CS|TS 17|AC  0|TAMS 0x0000000707b00000, 0x0000000707b00000|
| 124|0x0000000707c00000, 0x0000000707d00000, 0x0000000707d00000|100%| S|CS|TS 17|AC  0|TAMS 0x0000000707c00000, 0x0000000707c00000|
| 125|0x0000000707d00000, 0x0000000707d00000, 0x0000000707e00000|  0%| F|  |TS 17|AC  0|TAMS 0x0000000707d00000, 0x0000000707d00000|
| 126|0x0000000707e00000, 0x0000000707e00000, 0x0000000707f00000|  0%| F|  |TS 17|AC  0|TAMS 0x0000000707e00000, 0x0000000707e00000|
| 127|0x0000000707f00000, 0x0000000707f00000, 0x0000000708000000|  0%| F|  |TS 17|AC  0|TAMS 0x0000000707f00000, 0x0000000707f00000|
| 128|0x0000000708000000, 0x0000000708000000, 0x0000000708100000|  0%| F|  |TS 17|AC  0|TAMS 0x0000000708000000, 0x0000000708000000|
| 129|0x0000000708100000, 0x0000000708100000, 0x0000000708200000|  0%| F|  |TS 17|AC  0|TAMS 0x0000000708100000, 0x0000000708100000|
| 130|0x0000000708200000, 0x0000000708200000, 0x0000000708300000|  0%| F|  |TS 17|AC  0|TAMS 0x0000000708200000, 0x0000000708200000|
| 131|0x0000000708300000, 0x0000000708300000, 0x0000000708400000|  0%| F|  |TS 17|AC  0|TAMS 0x0000000708300000, 0x0000000708300000|
| 132|0x0000000708400000, 0x0000000708400000, 0x0000000708500000|  0%| F|  |TS 17|AC  0|TAMS 0x0000000708400000, 0x0000000708400000|
| 133|0x0000000708500000, 0x0000000708500000, 0x0000000708600000|  0%| F|  |TS 17|AC  0|TAMS 0x0000000708500000, 0x0000000708500000|
| 134|0x0000000708600000, 0x0000000708600000, 0x0000000708700000|  0%| F|  |TS 17|AC  0|TAMS 0x0000000708600000, 0x0000000708600000|
| 135|0x0000000708700000, 0x0000000708700000, 0x0000000708800000|  0%| F|  |TS 17|AC  0|TAMS 0x0000000708700000, 0x0000000708700000|
| 136|0x0000000708800000, 0x0000000708800000, 0x0000000708900000|  0%| F|  |TS 17|AC  0|TAMS 0x0000000708800000, 0x0000000708800000|
| 137|0x0000000708900000, 0x0000000708900000, 0x0000000708a00000|  0%| F|  |TS 17|AC  0|TAMS 0x0000000708900000, 0x0000000708900000|
| 138|0x0000000708a00000, 0x0000000708a00000, 0x0000000708b00000|  0%| F|  |TS 17|AC  0|TAMS 0x0000000708a00000, 0x0000000708a00000|
| 139|0x0000000708b00000, 0x0000000708b00000, 0x0000000708c00000|  0%| F|  |TS 17|AC  0|TAMS 0x0000000708b00000, 0x0000000708b00000|
| 140|0x0000000708c00000, 0x0000000708c00000, 0x0000000708d00000|  0%| F|  |TS 17|AC  0|TAMS 0x0000000708c00000, 0x0000000708c00000|
| 141|0x0000000708d00000, 0x0000000708d00000, 0x0000000708e00000|  0%| F|  |TS 17|AC  0|TAMS 0x0000000708d00000, 0x0000000708d00000|
| 142|0x0000000708e00000, 0x0000000708e00000, 0x0000000708f00000|  0%| F|  |TS 17|AC  0|TAMS 0x0000000708e00000, 0x0000000708e00000|
| 143|0x0000000708f00000, 0x0000000708f00000, 0x0000000709000000|  0%| F|  |TS 17|AC  0|TAMS 0x0000000708f00000, 0x0000000708f00000|
| 144|0x0000000709000000, 0x0000000709000000, 0x0000000709100000|  0%| F|  |TS 17|AC  0|TAMS 0x0000000709000000, 0x0000000709000000|
| 145|0x0000000709100000, 0x0000000709100000, 0x0000000709200000|  0%| F|  |TS 17|AC  0|TAMS 0x0000000709100000, 0x0000000709100000|
| 146|0x0000000709200000, 0x0000000709200000, 0x0000000709300000|  0%| F|  |TS 17|AC  0|TAMS 0x0000000709200000, 0x0000000709200000|
| 147|0x0000000709300000, 0x0000000709300000, 0x0000000709400000|  0%| F|  |TS 17|AC  0|TAMS 0x0000000709300000, 0x0000000709300000|
| 148|0x0000000709400000, 0x0000000709400000, 0x0000000709500000|  0%| F|  |TS 17|AC  0|TAMS 0x0000000709400000, 0x0000000709400000|
| 149|0x0000000709500000, 0x0000000709500000, 0x0000000709600000|  0%| F|  |TS 17|AC  0|TAMS 0x0000000709500000, 0x0000000709500000|
| 150|0x0000000709600000, 0x0000000709600000, 0x0000000709700000|  0%| F|  |TS 17|AC  0|TAMS 0x0000000709600000, 0x0000000709600000|
| 151|0x0000000709700000, 0x0000000709700000, 0x0000000709800000|  0%| F|  |TS 17|AC  0|TAMS 0x0000000709700000, 0x0000000709700000|
| 152|0x0000000709800000, 0x0000000709800000, 0x0000000709900000|  0%| F|  |TS 17|AC  0|TAMS 0x0000000709800000, 0x0000000709800000|
| 153|0x0000000709900000, 0x0000000709900000, 0x0000000709a00000|  0%| F|  |TS 17|AC  0|TAMS 0x0000000709900000, 0x0000000709900000|
| 154|0x0000000709a00000, 0x0000000709a00000, 0x0000000709b00000|  0%| F|  |TS 17|AC  0|TAMS 0x0000000709a00000, 0x0000000709a00000|
| 155|0x0000000709b00000, 0x0000000709b00000, 0x0000000709c00000|  0%| F|  |TS 17|AC  0|TAMS 0x0000000709b00000, 0x0000000709b00000|
| 156|0x0000000709c00000, 0x0000000709c00000, 0x0000000709d00000|  0%| F|  |TS 17|AC  0|TAMS 0x0000000709c00000, 0x0000000709c00000|
| 157|0x0000000709d00000, 0x0000000709d00000, 0x0000000709e00000|  0%| F|  |TS 17|AC  0|TAMS 0x0000000709d00000, 0x0000000709d00000|
| 158|0x0000000709e00000, 0x0000000709e00000, 0x0000000709f00000|  0%| F|  |TS 17|AC  0|TAMS 0x0000000709e00000, 0x0000000709e00000|
| 159|0x0000000709f00000, 0x0000000709f00000, 0x000000070a000000|  0%| F|  |TS 17|AC  0|TAMS 0x0000000709f00000, 0x0000000709f00000|
| 160|0x000000070a000000, 0x000000070a000000, 0x000000070a100000|  0%| F|  |TS 17|AC  0|TAMS 0x000000070a000000, 0x000000070a000000|
| 161|0x000000070a100000, 0x000000070a100000, 0x000000070a200000|  0%| F|  |TS 17|AC  0|TAMS 0x000000070a100000, 0x000000070a100000|
| 162|0x000000070a200000, 0x000000070a200000, 0x000000070a300000|  0%| F|  |TS 17|AC  0|TAMS 0x000000070a200000, 0x000000070a200000|
| 163|0x000000070a300000, 0x000000070a300000, 0x000000070a400000|  0%| F|  |TS 17|AC  0|TAMS 0x000000070a300000, 0x000000070a300000|
| 164|0x000000070a400000, 0x000000070a400000, 0x000000070a500000|  0%| F|  |TS 17|AC  0|TAMS 0x000000070a400000, 0x000000070a400000|
| 165|0x000000070a500000, 0x000000070a500000, 0x000000070a600000|  0%| F|  |TS 17|AC  0|TAMS 0x000000070a500000, 0x000000070a500000|
| 166|0x000000070a600000, 0x000000070a600000, 0x000000070a700000|  0%| F|  |TS 17|AC  0|TAMS 0x000000070a600000, 0x000000070a600000|
| 167|0x000000070a700000, 0x000000070a700000, 0x000000070a800000|  0%| F|  |TS 17|AC  0|TAMS 0x000000070a700000, 0x000000070a700000|
| 168|0x000000070a800000, 0x000000070a800000, 0x000000070a900000|  0%| F|  |TS 17|AC  0|TAMS 0x000000070a800000, 0x000000070a800000|
| 169|0x000000070a900000, 0x000000070a900000, 0x000000070aa00000|  0%| F|  |TS 17|AC  0|TAMS 0x000000070a900000, 0x000000070a900000|
| 170|0x000000070aa00000, 0x000000070aa00000, 0x000000070ab00000|  0%| F|  |TS 17|AC  0|TAMS 0x000000070aa00000, 0x000000070aa00000|
| 171|0x000000070ab00000, 0x000000070ab00000, 0x000000070ac00000|  0%| F|  |TS 17|AC  0|TAMS 0x000000070ab00000, 0x000000070ab00000|
| 172|0x000000070ac00000, 0x000000070aca2968, 0x000000070ad00000| 63%| E|  |TS 17|AC  0|TAMS 0x000000070ac00000, 0x000000070ac00000|
| 173|0x000000070ad00000, 0x000000070ae00000, 0x000000070ae00000|100%| E|CS|TS 17|AC  0|TAMS 0x000000070ad00000, 0x000000070ad00000|
| 174|0x000000070ae00000, 0x000000070af00000, 0x000000070af00000|100%| E|CS|TS 17|AC  0|TAMS 0x000000070ae00000, 0x000000070ae00000|
| 175|0x000000070af00000, 0x000000070b000000, 0x000000070b000000|100%| E|CS|TS 17|AC  0|TAMS 0x000000070af00000, 0x000000070af00000|
| 176|0x000000070b000000, 0x000000070b100000, 0x000000070b100000|100%| E|CS|TS 17|AC  0|TAMS 0x000000070b000000, 0x000000070b000000|
| 177|0x000000070b100000, 0x000000070b200000, 0x000000070b200000|100%| E|CS|TS 17|AC  0|TAMS 0x000000070b100000, 0x000000070b100000|
| 178|0x000000070b200000, 0x000000070b300000, 0x000000070b300000|100%| E|CS|TS 17|AC  0|TAMS 0x000000070b200000, 0x000000070b200000|
| 179|0x000000070b300000, 0x000000070b400000, 0x000000070b400000|100%| E|CS|TS 17|AC  0|TAMS 0x000000070b300000, 0x000000070b300000|
| 180|0x000000070b400000, 0x000000070b500000, 0x000000070b500000|100%| E|CS|TS 17|AC  0|TAMS 0x000000070b400000, 0x000000070b400000|
| 181|0x000000070b500000, 0x000000070b600000, 0x000000070b600000|100%| E|CS|TS 17|AC  0|TAMS 0x000000070b500000, 0x000000070b500000|
| 182|0x000000070b600000, 0x000000070b700000, 0x000000070b700000|100%| E|CS|TS 17|AC  0|TAMS 0x000000070b600000, 0x000000070b600000|
| 183|0x000000070b700000, 0x000000070b800000, 0x000000070b800000|100%| E|CS|TS 17|AC  0|TAMS 0x000000070b700000, 0x000000070b700000|
| 184|0x000000070b800000, 0x000000070b900000, 0x000000070b900000|100%| E|CS|TS 17|AC  0|TAMS 0x000000070b800000, 0x000000070b800000|

Card table byte_map: [0x00000276b67f0000,0x00000276b6df0000] byte_map_base: 0x00000276b2ff0000

Marking Bits (Prev, Next): (CMBitMap*) 0x00000276b4bb4ab0, (CMBitMap*) 0x00000276b4bb4ae8
 Prev Bits: [0x00000276d1c80000, 0x00000276d4c80000)
 Next Bits: [0x00000276d4c80000, 0x00000276d7c80000)

Polling page: 0x00000276ac290000

CodeHeap 'non-profiled nmethods': size=119168Kb used=12252Kb max_used=12252Kb free=106915Kb
 bounds [0x00000276ca820000, 0x00000276cb420000, 0x00000276d1c80000]
CodeHeap 'profiled nmethods': size=119168Kb used=34055Kb max_used=34055Kb free=85112Kb
 bounds [0x00000276c33c0000, 0x00000276c5530000, 0x00000276ca820000]
CodeHeap 'non-nmethods': size=7424Kb used=3398Kb max_used=3473Kb free=4025Kb
 bounds [0x00000276c2c80000, 0x00000276c2ff0000, 0x00000276c33c0000]
 total_blobs=20947 nmethods=12761 adapters=1005
 compilation: enabled

Compilation events (10 events):
Event: 39.138 Thread 0x00000276b4612000 nmethod 14746 0x00000276c4847610 code [0x00000276c48477c0, 0x00000276c4847918]
Event: 39.139 Thread 0x00000276b4613800 nmethod 14744 0x00000276c5514f10 code [0x00000276c5515160, 0x00000276c5515cf0]
Event: 39.139 Thread 0x00000276b4612000 14747       3       de.javasoft.plaf.synthetica.SyntheticaLookAndFeel::resolveImagePath (12 bytes)
Event: 39.139 Thread 0x00000276b4612000 nmethod 14747 0x00000276c5516010 code [0x00000276c55161c0, 0x00000276c5516410]
Event: 39.140 Thread 0x00000276b42d5800 nmethod 14745 0x00000276c5516510 code [0x00000276c55168e0, 0x00000276c5519370]
Event: 39.140 Thread 0x00000276b4610800 nmethod 14741 0x00000276c5519b90 code [0x00000276c551a160, 0x00000276c551e160]
Event: 39.143 Thread 0x00000276b4613800 14748       3       ui.views.V.P::convert (119 bytes)
Event: 39.143 Thread 0x00000276b4612000 14749       3       ui.views.V.a::agl (47 bytes)
Event: 39.143 Thread 0x00000276b4612000 nmethod 14749 0x00000276c551f290 code [0x00000276c551f4a0, 0x00000276c551fc30]
Event: 39.144 Thread 0x00000276b4613800 nmethod 14748 0x00000276c551fe10 code [0x00000276c55201a0, 0x00000276c5521ef0]

GC Heap History (10 events):
Event: 34.680 GC heap before
{Heap before GC invocations=27 (full 1):
 garbage-first heap   total 189440K, used 118951K [0x0000000700000000, 0x00000007001005c8, 0x00000007c0000000)
  region size 1024K, 60 young (61440K), 2 survivors (2048K)
 Metaspace       used 72269K, capacity 76615K, committed 76952K, reserved 1116160K
  class space    used 10010K, capacity 10790K, committed 10904K, reserved 1048576K
}
Event: 34.683 GC heap after
{Heap after GC invocations=28 (full 1):
 garbage-first heap   total 189440K, used 61717K [0x0000000700000000, 0x00000007001005c8, 0x00000007c0000000)
  region size 1024K, 4 young (4096K), 4 survivors (4096K)
 Metaspace       used 72269K, capacity 76615K, committed 76952K, reserved 1116160K
  class space    used 10010K, capacity 10790K, committed 10904K, reserved 1048576K
}
Event: 34.950 GC heap before
{Heap before GC invocations=28 (full 1):
 garbage-first heap   total 189440K, used 119061K [0x0000000700000000, 0x00000007001005c8, 0x00000007c0000000)
  region size 1024K, 60 young (61440K), 4 survivors (4096K)
 Metaspace       used 72898K, capacity 77733K, committed 77848K, reserved 1116160K
  class space    used 10123K, capacity 10979K, committed 11032K, reserved 1048576K
}
Event: 34.952 GC heap after
{Heap after GC invocations=29 (full 1):
 garbage-first heap   total 189440K, used 61894K [0x0000000700000000, 0x00000007001005c8, 0x00000007c0000000)
  region size 1024K, 5 young (5120K), 5 survivors (5120K)
 Metaspace       used 72898K, capacity 77733K, committed 77848K, reserved 1116160K
  class space    used 10123K, capacity 10979K, committed 11032K, reserved 1048576K
}
Event: 36.615 GC heap before
{Heap before GC invocations=29 (full 1):
 garbage-first heap   total 189440K, used 118214K [0x0000000700000000, 0x00000007001005c8, 0x00000007c0000000)
  region size 1024K, 61 young (62464K), 5 survivors (5120K)
 Metaspace       used 72984K, capacity 77797K, committed 78104K, reserved 1116160K
  class space    used 10123K, capacity 10979K, committed 11032K, reserved 1048576K
}
Event: 36.617 GC heap after
{Heap after GC invocations=30 (full 1):
 garbage-first heap   total 189440K, used 61922K [0x0000000700000000, 0x00000007001005c8, 0x00000007c0000000)
  region size 1024K, 5 young (5120K), 5 survivors (5120K)
 Metaspace       used 72984K, capacity 77797K, committed 78104K, reserved 1116160K
  class space    used 10123K, capacity 10979K, committed 11032K, reserved 1048576K
}
Event: 38.862 GC heap before
{Heap before GC invocations=30 (full 1):
 garbage-first heap   total 189440K, used 118242K [0x0000000700000000, 0x00000007001005c8, 0x00000007c0000000)
  region size 1024K, 60 young (61440K), 5 survivors (5120K)
 Metaspace       used 73113K, capacity 77925K, committed 78104K, reserved 1116160K
  class space    used 10123K, capacity 10979K, committed 11032K, reserved 1048576K
}
Event: 38.864 GC heap after
{Heap after GC invocations=31 (full 1):
 garbage-first heap   total 189440K, used 61933K [0x0000000700000000, 0x00000007001005c8, 0x00000007c0000000)
  region size 1024K, 5 young (5120K), 5 survivors (5120K)
 Metaspace       used 73113K, capacity 77925K, committed 78104K, reserved 1116160K
  class space    used 10123K, capacity 10979K, committed 11032K, reserved 1048576K
}
Event: 39.086 GC heap before
{Heap before GC invocations=31 (full 1):
 garbage-first heap   total 189440K, used 118253K [0x0000000700000000, 0x00000007001005c8, 0x00000007c0000000)
  region size 1024K, 60 young (61440K), 5 survivors (5120K)
 Metaspace       used 73190K, capacity 77989K, committed 78104K, reserved 1116160K
  class space    used 10123K, capacity 10979K, committed 11032K, reserved 1048576K
}
Event: 39.089 GC heap after
{Heap after GC invocations=32 (full 1):
 garbage-first heap   total 189440K, used 61885K [0x0000000700000000, 0x00000007001005c8, 0x00000007c0000000)
  region size 1024K, 5 young (5120K), 5 survivors (5120K)
 Metaspace       used 73190K, capacity 77989K, committed 78104K, reserved 1116160K
  class space    used 10123K, capacity 10979K, committed 11032K, reserved 1048576K
}

Deoptimization events (10 events):
Event: 37.896 Thread 0x00000276d8e16800 Uncommon trap: reason=class_check action=maybe_recompile pc=0x00000276cac5bc14 method=java.awt.Component.addNotify()V @ 200 c2
Event: 38.670 Thread 0x00000276d8e16800 Uncommon trap: reason=class_check action=maybe_recompile pc=0x00000276caf3b290 method=java.awt.KeyboardFocusManager.clearMostRecentFocusOwner(Ljava/awt/Component;)V @ 67 c2
Event: 38.678 Thread 0x00000276d8e16800 Uncommon trap: reason=class_check action=maybe_recompile pc=0x00000276caf3b290 method=java.awt.KeyboardFocusManager.clearMostRecentFocusOwner(Ljava/awt/Component;)V @ 67 c2
Event: 38.854 Thread 0x00000276d8e16800 Uncommon trap: reason=unstable_if action=reinterpret pc=0x00000276cafa1b38 method=java.util.concurrent.locks.AbstractQueuedSynchronizer.acquire(I)V @ 5 c2
Event: 38.894 Thread 0x00000276d8e16800 Uncommon trap: reason=unstable_if action=reinterpret pc=0x00000276caac31e4 method=java.util.concurrent.locks.ReentrantLock$Sync.nonfairTryAcquire(I)Z @ 34 c2
Event: 38.908 Thread 0x00000276d8e16800 Uncommon trap: reason=predicate action=maybe_recompile pc=0x00000276cac8e928 method=java.util.Arrays$ArrayList.indexOf(Ljava/lang/Object;)I @ 42 c2
Event: 38.911 Thread 0x00000276d8e16800 Uncommon trap: reason=class_check action=maybe_recompile pc=0x00000276ca9cf308 method=java.util.HashSet.contains(Ljava/lang/Object;)Z @ 5 c2
Event: 38.911 Thread 0x00000276d8e16800 Uncommon trap: reason=class_check action=maybe_recompile pc=0x00000276ca9cf308 method=java.util.HashSet.contains(Ljava/lang/Object;)Z @ 5 c2
Event: 39.069 Thread 0x00000276d8e16800 Uncommon trap: reason=class_check action=maybe_recompile pc=0x00000276cb02d270 method=java.util.HashMap.removeNode(ILjava/lang/Object;Ljava/lang/Object;ZZ)Ljava/util/HashMap$Node; @ 68 c2
Event: 39.069 Thread 0x00000276d8e16800 Uncommon trap: reason=class_check action=maybe_recompile pc=0x00000276cb02d270 method=java.util.HashMap.removeNode(ILjava/lang/Object;Ljava/lang/Object;ZZ)Ljava/util/HashMap$Node; @ 68 c2

Classes redefined (0 events):
No events

Internal exceptions (10 events):
Event: 34.696 Thread 0x00000276d8e16800 Exception <a 'java/lang/NoSuchMethodError'{0x000000070b60ac10}: method resolution failed> (0x000000070b60ac10) thrown at [t:/workspace/hotspot/src/share/vm/prims/methodHandles.cpp, line 1256]
Event: 34.696 Thread 0x00000276d8e16800 Exception <a 'java/lang/NoSuchMethodError'{0x000000070b610b00}: java.lang.invoke.DelegatingMethodHandle$Holder.reinvoke_L(Ljava/lang/Object;Ljava/lang/Object;IILjava/lang/Object;Ljava/lang/Object;Ljava/lang/Object;Ljava/lang/Object;Ljava/lang/Object;Ljava
Event: 34.698 Thread 0x00000276d8e16800 Exception <a 'java/lang/NoSuchMethodError'{0x000000070b52ed48}: java.lang.invoke.DirectMethodHandle$Holder.invokeSpecial(Ljava/lang/Object;Ljava/lang/Object;IILjava/lang/Object;Ljava/lang/Object;Ljava/lang/Object;Ljava/lang/Object;Ljava/lang/Object;Ljava/
Event: 34.699 Thread 0x00000276d8e16800 Exception <a 'java/lang/NoSuchMethodError'{0x000000070b533fb8}: java.lang.invoke.DelegatingMethodHandle$Holder.reinvoke_L(Ljava/lang/Object;IILjava/lang/Object;Ljava/lang/Object;Ljava/lang/Object;Ljava/lang/Object;Ljava/lang/Object;Ljava/lang/Object;Ljava
Event: 34.701 Thread 0x00000276d8e16800 Exception <a 'java/lang/NoSuchMethodError'{0x000000070b407008}: java.lang.invoke.DirectMethodHandle$Holder.invokeSpecial(Ljava/lang/Object;Ljava/lang/Object;Ljava/lang/Object;Ljava/lang/Object;Ljava/lang/Object;Ljava/lang/Object;Ljava/lang/Object;Ljava/la
Event: 34.703 Thread 0x00000276d8e16800 Exception <a 'java/lang/NoSuchMethodError'{0x000000070b4b7ac0}: java.lang.invoke.DirectMethodHandle$Holder.invokeSpecial(Ljava/lang/Object;Ljava/lang/Object;IIILjava/lang/Object;IIII)Ljava/lang/Object;> (0x000000070b4b7ac0) thrown at [t:/workspace/hotspot
Event: 34.704 Thread 0x00000276d8e16800 Exception <a 'java/lang/NoSuchMethodError'{0x000000070b4bb288}: java.lang.invoke.DelegatingMethodHandle$Holder.reinvoke_L(Ljava/lang/Object;IIILjava/lang/Object;IIII)Ljava/lang/Object;> (0x000000070b4bb288) thrown at [t:/workspace/hotspot/src/share/vm/int
Event: 34.705 Thread 0x00000276d8e16800 Exception <a 'java/lang/NoSuchMethodError'{0x000000070b312f28}: method resolution failed> (0x000000070b312f28) thrown at [t:/workspace/hotspot/src/share/vm/prims/methodHandles.cpp, line 1256]
Event: 34.705 Thread 0x00000276d8e16800 Exception <a 'java/lang/NoSuchMethodError'{0x000000070b316770}: java.lang.invoke.DelegatingMethodHandle$Holder.reinvoke_L(Ljava/lang/Object;Ljava/lang/Object;IIII)Ljava/lang/Object;> (0x000000070b316770) thrown at [t:/workspace/hotspot/src/share/vm/interp
Event: 39.057 Thread 0x00000276e77d1000 Exception <a 'java/lang/InterruptedException'{0x000000070b68de20}: sleep interrupted> (0x000000070b68de20) thrown at [t:/workspace/hotspot/src/share/vm/prims/jvm.cpp, line 2984]

Events (10 events):
Event: 39.057 Executing VM operation: RevokeBias
Event: 39.057 Executing VM operation: RevokeBias done
Event: 39.069 Thread 0x00000276d8e16800 Uncommon trap: trap_request=0xffffffde fr.pc=0x00000276cb02d270 relative=0x0000000000000810
Event: 39.069 Thread 0x00000276d8e16800 DEOPT PACKING pc=0x00000276cb02d270 sp=0x00000089ef4fcf50
Event: 39.069 Thread 0x00000276d8e16800 DEOPT UNPACKING pc=0x00000276c2ccdf29 sp=0x00000089ef4fcee8 mode 2
Event: 39.069 Thread 0x00000276d8e16800 Uncommon trap: trap_request=0xffffffde fr.pc=0x00000276cb02d270 relative=0x0000000000000810
Event: 39.069 Thread 0x00000276d8e16800 DEOPT PACKING pc=0x00000276cb02d270 sp=0x00000089ef4fcf50
Event: 39.069 Thread 0x00000276d8e16800 DEOPT UNPACKING pc=0x00000276c2ccdf29 sp=0x00000089ef4fcee8 mode 2
Event: 39.086 Executing VM operation: G1IncCollectionPause
Event: 39.089 Executing VM operation: G1IncCollectionPause done


Dynamic libraries:
0x00007ff69ea10000 - 0x00007ff69ea40000 	D:\Senior\Vivado\2019.2\bin\unwrapped\win64.o\vivado.exe
0x00007ff83f490000 - 0x00007ff83f685000 	C:\Windows\SYSTEM32\ntdll.dll
0x00007ff83d750000 - 0x00007ff83d80d000 	C:\Windows\System32\KERNEL32.DLL
0x00007ff83cc60000 - 0x00007ff83cf29000 	C:\Windows\System32\KERNELBASE.dll
0x00007ff83cff0000 - 0x00007ff83d0f0000 	C:\Windows\System32\ucrtbase.dll
0x00007ff8178b0000 - 0x00007ff81793d000 	C:\Windows\SYSTEM32\MSVCP140.dll
0x00007fffe1920000 - 0x00007fffe2863000 	D:\Senior\Vivado\2019.2\lib\win64.o\librdi_common.dll
0x00007ff827100000 - 0x00007ff82711a000 	C:\Windows\SYSTEM32\VCRUNTIME140.dll
0x00007ff82e220000 - 0x00007ff82e234000 	D:\Senior\Vivado\2019.2\lib\win64.o\libboost_signals.dll
0x00007ff83e550000 - 0x00007ff83e6f0000 	C:\Windows\System32\USER32.dll
0x00007ff82c3b0000 - 0x00007ff82c3c6000 	D:\Senior\Vivado\2019.2\lib\win64.o\librdi_commonmain.dll
0x00007ff83cfc0000 - 0x00007ff83cfe2000 	C:\Windows\System32\win32u.dll
0x00007ff83ed50000 - 0x00007ff83ed7a000 	C:\Windows\System32\GDI32.dll
0x00007ff83d1e0000 - 0x00007ff83d2eb000 	C:\Windows\System32\gdi32full.dll
0x00007ff83d0f0000 - 0x00007ff83d18d000 	C:\Windows\System32\msvcp_win.dll
0x00007ff83ed80000 - 0x00007ff83ee2c000 	C:\Windows\System32\ADVAPI32.dll
0x00007ff83e2b0000 - 0x00007ff83e34e000 	C:\Windows\System32\msvcrt.dll
0x00007ff83d6b0000 - 0x00007ff83d74b000 	C:\Windows\System32\sechost.dll
0x00007ff81cc70000 - 0x00007ff81cc7c000 	C:\Windows\SYSTEM32\VCRUNTIME140_1.dll
0x00007ff83d810000 - 0x00007ff83d93a000 	C:\Windows\System32\RPCRT4.dll
0x00007ff83d9c0000 - 0x00007ff83e0ff000 	C:\Windows\System32\SHELL32.dll
0x00007ff83cbd0000 - 0x00007ff83cbf7000 	C:\Windows\System32\bcrypt.dll
0x00007fffe15b0000 - 0x00007fffe191e000 	D:\Senior\Vivado\2019.2\lib\win64.o\libCOIN-all.dll
0x00007ff8266b0000 - 0x00007ff8266c4000 	D:\Senior\Vivado\2019.2\lib\win64.o\libboost_date_time.dll
0x00007ff827c80000 - 0x00007ff827ca6000 	D:\Senior\Vivado\2019.2\lib\win64.o\libboost_filesystem.dll
0x00007ff826560000 - 0x00007ff8265df000 	D:\Senior\Vivado\2019.2\lib\win64.o\libboost_program_options.dll
0x00007ff8049c0000 - 0x00007ff804ad4000 	D:\Senior\Vivado\2019.2\lib\win64.o\libboost_regex.dll
0x00007ff827fa0000 - 0x00007ff827fab000 	D:\Senior\Vivado\2019.2\lib\win64.o\libboost_system.dll
0x00007ff826680000 - 0x00007ff8266a1000 	D:\Senior\Vivado\2019.2\lib\win64.o\libboost_thread.dll
0x00007ff826670000 - 0x00007ff82667f000 	D:\Senior\Vivado\2019.2\lib\win64.o\libboost_xilinx.dll
0x00007ff822230000 - 0x00007ff8222b2000 	D:\Senior\Vivado\2019.2\lib\win64.o\libhdlpsolve.dll
0x00007ff81a220000 - 0x00007ff81a2c5000 	D:\Senior\Vivado\2019.2\lib\win64.o\libhdxml.dll
0x00007ff826640000 - 0x00007ff82666e000 	D:\Senior\Vivado\2019.2\lib\win64.o\libisl_sysinfo.dll
0x00007fffe0320000 - 0x00007fffe0f1c200 	D:\Senior\Vivado\2019.2\lib\win64.o\libisl_iostreams.dll
0x00007ff83e820000 - 0x00007ff83e88b000 	C:\Windows\System32\WS2_32.dll
0x00007ff819fa0000 - 0x00007ff81a005000 	D:\Senior\Vivado\2019.2\lib\win64.o\liblmx6.0.dll
0x00007ff823bb0000 - 0x00007ff823bca000 	D:\Senior\Vivado\2019.2\lib\win64.o\pthreadVC2.dll
0x00007ffffd1e0000 - 0x00007ffffd381000 	D:\Senior\Vivado\2019.2\lib\win64.o\librdi_commonxillic.dll
0x00007ff822310000 - 0x00007ff82232c000 	D:\Senior\Vivado\2019.2\lib\win64.o\librdiconfig.dll
0x00007ff819e90000 - 0x00007ff819eb1000 	D:\Senior\Vivado\2019.2\lib\win64.o\librdizlib.dll
0x00000000711f0000 - 0x000000007131b000 	D:\Senior\Vivado\2019.2\lib\win64.o\tcl85t.dll
0x0000000012000000 - 0x0000000012270000 	D:\Senior\Vivado\2019.2\lib\win64.o\xerces-c_3_1.dll
0x00007ff82c3a0000 - 0x00007ff82c3aa000 	D:\Senior\Vivado\2019.2\lib\win64.o\librdi_commonversion.dll
0x00007ff823d80000 - 0x00007ff823d98000 	C:\Windows\SYSTEM32\NETAPI32.dll
0x00007ff822550000 - 0x00007ff822a2d000 	C:\Windows\SYSTEM32\WININET.dll
0x00007ff8346d0000 - 0x00007ff8347da000 	C:\Windows\SYSTEM32\WINHTTP.dll
0x00007ff82eaf0000 - 0x00007ff82ecdc000 	C:\Windows\SYSTEM32\urlmon.dll
0x00007ff819900000 - 0x00007ff81992e000 	C:\Windows\SYSTEM32\VCOMP140.DLL
0x00007fffe10b0000 - 0x00007fffe10b9000 	C:\Windows\SYSTEM32\WSOCK32.dll
0x00007fffdf480000 - 0x00007fffe0311000 	D:\Senior\Vivado\2019.2\lib\win64.o\gurobi65.dll
0x00007ff826600000 - 0x00007ff82660d000 	D:\Senior\Vivado\2019.2\lib\win64.o\libboost_chrono.dll
0x00007ff8222f0000 - 0x00007ff82230b000 	D:\Senior\Vivado\2019.2\lib\win64.o\libboost_iostreams.dll
0x00007ff8198d0000 - 0x00007ff8198f5000 	D:\Senior\Vivado\2019.2\lib\win64.o\libisl_iosutils.dll
0x00007fffe12d0000 - 0x00007fffe15ab000 	D:\Senior\Vivado\2019.2\lib\win64.o\libXil_lmgr11.dll
0x00007ff83e470000 - 0x00007ff83e54a000 	C:\Windows\System32\COMDLG32.dll
0x00007ff83e890000 - 0x00007ff83ebe5000 	C:\Windows\System32\combase.dll
0x00007ff830250000 - 0x00007ff830500000 	C:\Windows\SYSTEM32\iertutil.dll
0x00007ff83e3c0000 - 0x00007ff83e46e000 	C:\Windows\System32\shcore.dll
0x00007ff832e90000 - 0x00007ff832eb8000 	C:\Windows\SYSTEM32\srvcli.dll
0x00007ff83ba10000 - 0x00007ff83ba1c000 	C:\Windows\SYSTEM32\netutils.dll
0x00007ff83d500000 - 0x00007ff83d555000 	C:\Windows\System32\SHLWAPI.dll
0x00007ff83d560000 - 0x00007ff83d62d000 	C:\Windows\System32\OLEAUT32.dll
0x00007ff83e6f0000 - 0x00007ff83e81a000 	C:\Windows\System32\ole32.dll
0x00007ff83cc00000 - 0x00007ff83cc60000 	C:\Windows\System32\WINTRUST.dll
0x00007ff828190000 - 0x00007ff828240000 	C:\Windows\WinSxS\amd64_microsoft.windows.common-controls_6595b64144ccf1df_5.82.19041.1110_none_792d1c772443f647\COMCTL32.dll
0x00007ff83d3a0000 - 0x00007ff83d4ff000 	C:\Windows\System32\CRYPT32.dll
0x00007ff8345a0000 - 0x00007ff8345bd000 	C:\Windows\SYSTEM32\dhcpcsvc.DLL
0x00007ff83ec00000 - 0x00007ff83ec30000 	C:\Windows\System32\IMM32.DLL
0x00007ff83c310000 - 0x00007ff83c322000 	C:\Windows\SYSTEM32\MSASN1.dll
0x00007ff83ade0000 - 0x00007ff83adf2000 	C:\Windows\SYSTEM32\kernel.appcore.dll
0x00007fffdef60000 - 0x00007fffdf477000 	D:\Senior\Vivado\2019.2\lib\win64.o\librdi_commontasks.dll
0x00007ff837800000 - 0x00007ff83780a000 	C:\Windows\SYSTEM32\VERSION.dll
0x00000000707c0000 - 0x00000000711e5000 	D:\Senior\Vivado\2019.2\tps\win64\jre9.0.4\bin\server\jvm.dll
0x00007fffdec70000 - 0x00007fffdef53000 	D:\Senior\Vivado\2019.2\lib\win64.o\librdi_sio.dll
0x00007ff83f3e0000 - 0x00007ff83f3e8000 	C:\Windows\System32\PSAPI.DLL
0x00007ff831930000 - 0x00007ff831957000 	C:\Windows\SYSTEM32\WINMM.dll
0x00007ff822440000 - 0x00007ff82252f000 	C:\Windows\SYSTEM32\MSVCR120.dll
0x00007ff83b900000 - 0x00007ff83b93b000 	C:\Windows\SYSTEM32\IPHLPAPI.DLL
0x00007ff83bbf0000 - 0x00007ff83bc5a000 	C:\Windows\SYSTEM32\MSWSOCK.DLL
0x00007ff839fb0000 - 0x00007ff83a741000 	C:\Windows\SYSTEM32\windows.storage.dll
0x00007ff83be10000 - 0x00007ff83be3c000 	C:\Windows\SYSTEM32\Wldp.dll
0x00007fffd6f90000 - 0x00007fffd96d5000 	D:\Senior\Vivado\2019.2\lib\win64.o\librdi_tcltasks.dll
0x00007fffdc760000 - 0x00007fffdcc14000 	D:\Senior\Vivado\2019.2\lib\win64.o\librdi_bitstream.dll
0x00007ff8189f0000 - 0x00007ff818a6b000 	D:\Senior\Vivado\2019.2\lib\win64.o\librdi_boarddep.dll
0x00007fffe1130000 - 0x00007fffe12cd000 	D:\Senior\Vivado\2019.2\lib\win64.o\librdi_board.dll
0x00007fffdeb10000 - 0x00007fffdec62000 	D:\Senior\Vivado\2019.2\lib\win64.o\librdi_cd_client.dll
0x00007ff804080000 - 0x00007ff80416f000 	D:\Senior\Vivado\2019.2\lib\win64.o\librdi_chipscope.dll
0x00007fffde950000 - 0x00007fffdeb10000 	D:\Senior\Vivado\2019.2\lib\win64.o\librdi_chipscopeimpl.dll
0x00007fffd5410000 - 0x00007fffd6eea000 	D:\Senior\Vivado\2019.2\lib\win64.o\librdi_constraints.dll
0x00007fffd25b0000 - 0x00007fffd45a0000 	D:\Senior\Vivado\2019.2\lib\win64.o\librdi_coregen.dll
0x00007fffd50e0000 - 0x00007fffd5404000 	D:\Senior\Vivado\2019.2\lib\win64.o\librdi_containers.dll
0x00007fffd4a00000 - 0x00007fffd50d9000 	D:\Senior\Vivado\2019.2\lib\win64.o\librdi_coregenipxact.dll
0x00007fffce2e0000 - 0x00007fffd25ab000 	D:\Senior\Vivado\2019.2\lib\win64.o\librdi_designutils.dll
0x00007fffb9730000 - 0x00007fffce2db000 	D:\Senior\Vivado\2019.2\lib\win64.o\librdi_device.dll
0x00007fffd46b0000 - 0x00007fffd49fa000 	D:\Senior\Vivado\2019.2\lib\win64.o\librdi_dlyest.dll
0x00007fffb9160000 - 0x00007fffb972d000 	D:\Senior\Vivado\2019.2\lib\win64.o\librdi_drc.dll
0x00007ff8044f0000 - 0x00007ff8045b4000 	D:\Senior\Vivado\2019.2\lib\win64.o\librdi_dsp.dll
0x00007fffb8650000 - 0x00007fffb8cbb000 	D:\Senior\Vivado\2019.2\lib\win64.o\librdi_filemgmt.dll
0x00007fffb8e50000 - 0x00007fffb9160000 	D:\Senior\Vivado\2019.2\lib\win64.o\librdi_guitools.dll
0x00007ff819860000 - 0x00007ff8198ca000 	D:\Senior\Vivado\2019.2\lib\win64.o\librdi_hdf.dll
0x00007fffdc540000 - 0x00007fffdc760000 	D:\Senior\Vivado\2019.2\lib\win64.o\librdi_hip_devdesign.dll
0x00007fffe0f60000 - 0x00007fffe10a8000 	D:\Senior\Vivado\2019.2\lib\win64.o\librdi_hip_perf_analysis.dll
0x00007fffb6ee0000 - 0x00007fffb864d000 	D:\Senior\Vivado\2019.2\lib\win64.o\librdi_implflow.dll
0x00007fffb68a0000 - 0x00007fffb6ed1000 	D:\Senior\Vivado\2019.2\lib\win64.o\librdi_memdata.dll
0x00007ffffd160000 - 0x00007ffffd1d4000 	D:\Senior\Vivado\2019.2\lib\win64.o\librdi_memoryarray.dll
0x00007fffb3ad0000 - 0x00007fffb689b000 	D:\Senior\Vivado\2019.2\lib\win64.o\librdi_mig.dll
0x00007fffb33e0000 - 0x00007fffb3ac3000 	D:\Senior\Vivado\2019.2\lib\win64.o\librdi_netlist.dll
0x00007ff8197c0000 - 0x00007ff81980c000 	D:\Senior\Vivado\2019.2\lib\win64.o\librdi_pfi.dll
0x00007fffb0b10000 - 0x00007fffb33d7000 	D:\Senior\Vivado\2019.2\lib\win64.o\librdi_place.dll
0x00007fffb07f0000 - 0x00007fffb0b0b000 	D:\Senior\Vivado\2019.2\lib\win64.o\librdi_platform.dll
0x00007fffaffe0000 - 0x00007fffb07eb000 	D:\Senior\Vivado\2019.2\lib\win64.o\librdi_power.dll
0x00007fffafa20000 - 0x00007fffaffda000 	D:\Senior\Vivado\2019.2\lib\win64.o\librdi_project.dll
0x00007fffaec10000 - 0x00007fffaf2d1000 	D:\Senior\Vivado\2019.2\lib\win64.o\librdi_rsb.dll
0x00007fffaf2e0000 - 0x00007fffafa13000 	D:\Senior\Vivado\2019.2\lib\win64.o\librdi_psta.dll
0x00007fffae7e0000 - 0x00007fffaec03000 	D:\Senior\Vivado\2019.2\lib\win64.o\librdi_runs.dll
0x00007fffd9bb0000 - 0x00007fffd9cb8000 	D:\Senior\Vivado\2019.2\lib\win64.o\librdi_runsbase.dll
0x00007fffae560000 - 0x00007fffae7d5000 	D:\Senior\Vivado\2019.2\lib\win64.o\librdi_simdata.dll
0x00007fffad6d0000 - 0x00007fffae55d000 	D:\Senior\Vivado\2019.2\lib\win64.o\librdi_timing.dll
0x00007fffad530000 - 0x00007fffad6d0000 	D:\Senior\Vivado\2019.2\lib\win64.o\librdi_cd_protocol.dll
0x00007fffad380000 - 0x00007fffad521000 	D:\Senior\Vivado\2019.2\lib\win64.o\librdi_advchipscopeimpl.dll
0x00007ffffd110000 - 0x00007ffffd15c000 	D:\Senior\Vivado\2019.2\lib\win64.o\libboost_serialization.dll
0x00007fffb8d70000 - 0x00007fffb8e47000 	D:\Senior\Vivado\2019.2\lib\win64.o\librdi_ipconfig_readwrite.dll
0x00007ffffc170000 - 0x00007ffffc1ba000 	D:\Senior\Vivado\2019.2\lib\win64.o\librdi_noc_frameworks.dll
0x00007fffac830000 - 0x00007fffad377000 	D:\Senior\Vivado\2019.2\lib\win64.o\libverific.dll
0x00007fffac640000 - 0x00007fffac824000 	D:\Senior\Vivado\2019.2\lib\win64.o\librdi_hip_config.dll
0x00007fffac0f0000 - 0x00007fffac63e000 	D:\Senior\Vivado\2019.2\lib\win64.o\librdi_xdm.dll
0x00007fffeed30000 - 0x00007fffeedce000 	D:\Senior\Vivado\2019.2\lib\win64.o\libise.dll
0x00007fffabad0000 - 0x00007fffac0eb000 	D:\Senior\Vivado\2019.2\lib\win64.o\librdi_wavedata.dll

VM Arguments:
jvm_args: -Dsun.java2d.pmoffscreen=false -Dsun.java2d.xrender=false -Dsun.java2d.d3d=false -Dsun.awt.nopixfmt=true -Dsun.java2d.dpiaware=true -Dsun.java2d.uiScale.enabled=false -Xverify:none -Dswing.aatext=true -XX:-UsePerfData -Djdk.map.althashing.threshold=512 -XX:StringTableSize=4072 --add-opens=java.base/java.nio=ALL-UNNAMED --add-opens=java.desktop/sun.swing=ALL-UNNAMED --add-opens=java.desktop/javax.swing=ALL-UNNAMED --add-opens=java.desktop/javax.swing.tree=ALL-UNNAMED --add-opens=java.desktop/javax.swing.plaf.basic=ALL-UNNAMED --add-opens=java.desktop/javax.swing.plaf.synth=ALL-UNNAMED --add-opens=java.desktop/com.sun.awt=ALL-UNNAMED -XX:NewSize=60m -XX:MaxNewSize=60m -Xms128m -Xmx3072m -Xss5m 
java_command: <unknown>
java_class_path (initial): D:/Senior/Vivado/2019.2\lib\classes\alloy.jar;D:/Senior/Vivado/2019.2\lib\classes\autoesl-common.jar;D:/Senior/Vivado/2019.2\lib\classes\autoesl-models.jar;D:/Senior/Vivado/2019.2\lib\classes\autoesl-report.jar;D:/Senior/Vivado/2019.2\lib\classes\autopilot.scelaborator.jar;D:/Senior/Vivado/2019.2\lib\classes\autopilot.sourceprocessor.jar;D:/Senior/Vivado/2019.2\lib\classes\autopilot.tbprocessor.jar;D:/Senior/Vivado/2019.2\lib\classes\batik-anim.jar;D:/Senior/Vivado/2019.2\lib\classes\batik-awt-util.jar;D:/Senior/Vivado/2019.2\lib\classes\batik-bridge.jar;D:/Senior/Vivado/2019.2\lib\classes\batik-codec.jar;D:/Senior/Vivado/2019.2\lib\classes\batik-css.jar;D:/Senior/Vivado/2019.2\lib\classes\batik-dom.jar;D:/Senior/Vivado/2019.2\lib\classes\batik-ext.jar;D:/Senior/Vivado/2019.2\lib\classes\batik-gui-util.jar;D:/Senior/Vivado/2019.2\lib\classes\batik-gvt.jar;D:/Senior/Vivado/2019.2\lib\classes\batik-parser.jar;D:/Senior/Vivado/2019.2\lib\classes\batik-script.jar;D:/Senior/Vivado/2019.2\lib\classes\batik-svg-dom.jar;D:/Senior/Vivado/2019.2\lib\classes\batik-swing.jar;D:/Senior/Vivado/2019.2\lib\classes\batik-transcoder.jar;D:/Senior/Vivado/2019.2\lib\classes\batik-util.jar;D:/Senior/Vivado/2019.2\lib\classes\batik-xml.jar;D:/Senior/Vivado/2019.2\lib\classes\com.google.gson_2.7.0.v20170129-0911.jar;D:/Senior/Vivado/2019.2\lib\classes\com.google.guava_21.0.0.v20170206-1425.jar;D:/Senior/Vivado/2019.2\lib\classes\com.ibm.icu_4.4.2.v20110208.jar;D:/Senior/Vivado/2019.2\lib\classes\com.sigasi.hdt.connection_4.5.0.201909241521.jar;D:/Senior/Vivado/2019.2\lib\classes\com.sigasi.hdt.epl_4.5.0.201909241521.jar;D:/Senior/Vivado/2019.2\lib\classes\com.sigasi.hdt.project_4.5.0.201909241521.jar;D:/Senior/Vivado/2019.2\lib\classes\com.sigasi.hdt.readonlyfilesystem_4.5.0.201909241521.jar;D:/Senior/Vivado/2019.2\lib\classes\com.sigasi.lcm_4.5.0.201909241521.jar;D:/Senior/Vivado/2019.2\lib\classes\com.sigasi.sdk.client_4.5.0.201909241521.jar;D:/Senior/Vivado
Launcher Type: generic

Logging:
Log output configuration:
#0: stdout all=warning uptime,level,tags
#1: stderr all=off uptime,level,tags

Environment Variables:
JAVA_HOME=C:\Users\I_Rin\scoop\apps\microsoft-jdk\current
CLASSPATH= .;C:\Users\I_Rin\scoop\apps\microsoft-jdk\current\lib;C:\Users\I_Rin\scoop\apps\microsoft-jdk\current\lib\tools.jar;
PATH=D:/Senior/Vivado/2019.2/bin;D:/Senior/Vivado/2019.2/lib/win64.o;D:/Senior/Vivado/2019.2/tps/win64/jre9.0.4/bin/server;D:/Senior/Vivado/2019.2/tps/win64/jre9.0.4/bin;D:/Senior/Vivado/2019.2/ids_lite/ISE/bin/nt64;D:/Senior/Vivado/2019.2/ids_lite/ISE/lib/nt64;;C:\Program Files\NVIDIA GPU Computing Toolkit\CUDA\v11.0\bin;C:\Program Files\NVIDIA GPU Computing Toolkit\CUDA\v11.0\libnvvp;C:\ProgramData\Miniconda3;C:\ProgramData\Miniconda3\Library\mingw-w64\bin;C:\ProgramData\Miniconda3\Library\usr\bin;C:\ProgramData\Miniconda3\Library\bin;C:\ProgramData\Miniconda3\Scripts;D:\Program Files\VMware\bin\;C:\Windows\system32;C:\Windows;C:\Windows\System32\Wbem;C:\Windows\System32\WindowsPowerShell\v1.0\;C:\Windows\System32\OpenSSH\;C:\Program Files (x86)\NVIDIA Corporation\PhysX\Common;C:\Program Files\NVIDIA Corporation\NVIDIA NvDLISR;C:\ProgramData\chocolatey\bin;C:\Program Files\dotnet\;C:\Program Files\Git\cmd;C:\Program Files\Microsoft SQL Server\Client SDK\ODBC\170\Tools\Binn\;C:\Program Files (x86)\Microsoft SQ;C:\Program Files (x86)\Windows Kits\10\Microsoft Application Virtualization\Sequencer\;C:\Program Files\Pandoc\;C:\Program Files\Docker\Docker\resources\bin;C:\ProgramData\DockerDesktop\version-bin;C:\Program Files (x86)\Windows Kits\10\Windows Performance Toolkit\;C:\Program Files\Microsoft SQL Server\130\Tools\Binn\;C:\Program Files\nu\bin\;C:\Program Files\nodejs\;C:\Users\I_Rin\scoop\apps\microsoft-jdk\current\bin;C:\Users\I_Rin\scoop\shims;C:\Users\I_Rin\AppData\Local\Microsoft\WindowsApps;C:\Users\I_Rin\AppData\Local\Programs\Microsoft VS Code\bin;C:\Users\I_Rin\AppData\Local\Programs\Fiddler;C:\ProgramData\chocolatey\lib\mingw\tools\install\mingw64\bin;C:\Program Files\Bandizip\;C:\Users\I_Rin\.dotnet\tools;C:\Program Files\Azure Data Studio\bin;D:\Program Files\JetBrains\PyCharm Community Edition 2020.2.3\bin;C:\Users\I_Rin\llvm-mingw-x64\bin;C:\Users\I_Rin\AppData\Roaming\npm;D:\Senior\Vivado\ctags-2020-09-15_23d50b5d-x64.debug;D:/Senior/Vivado/2019.2\t
USERNAME=I_Rin
OS=Windows_NT
PROCESSOR_IDENTIFIER=Intel64 Family 6 Model 165 Stepping 2, GenuineIntel



---------------  S Y S T E M  ---------------

OS: Windows 10 , 64 bit Build 19041 (10.0.19041.1023)

CPU:total 16 (initial active 16) (8 cores per cpu, 2 threads per core) family 6 model 165 stepping 2, cmov, cx8, fxsr, mmx, sse, sse2, sse3, ssse3, sse4.1, sse4.2, popcnt, avx, avx2, aes, clmul, erms, 3dnowpref, lzcnt, ht, tsc, tscinvbit, bmi1, bmi2, adx, fma

Memory: 4k page, physical 33418032k(20874372k free), swap 96332592k(81059448k free)

vm_info: Java HotSpot(TM) 64-Bit Server VM (9.0.4+11) for windows-amd64 JRE (9.0.4+11), built on Dec 20 2017 02:18:54 by "mach5one" with MS VC++ 12.0 (VS2013)

END.
